{"numTotalTestSuites":2,"numPassedTestSuites":2,"numFailedTestSuites":0,"numPendingTestSuites":0,"numTotalTests":6,"numPassedTests":6,"numFailedTests":0,"numPendingTests":0,"numTodoTests":0,"snapshot":{"added":0,"failure":false,"filesAdded":0,"filesRemoved":0,"filesRemovedList":[],"filesUnmatched":0,"filesUpdated":0,"matched":0,"total":0,"unchecked":0,"uncheckedKeysByFile":[],"unmatched":0,"updated":0,"didUpdate":false},"startTime":1785101115510,"success":true,"testResults":[{"assertionResults":[{"ancestorTitles":["produção visual v003"],"fullName":"produção visual v003 acrescenta exatamente 30 clientes únicos ao conjunto anterior","status":"passed","title":"acrescenta exatamente 30 clientes únicos ao conjunto anterior","duration":5.519399999999905,"failureMessages":[],"meta":{}},{"ancestorTitles":["produção visual v003"],"fullName":"produção visual v003 mapeia as 13 contratações para 12 profissões canônicas sem fallback genérico","status":"passed","title":"mapeia as 13 contratações para 12 profissões canônicas sem fallback genérico","duration":0.5507000000000062,"failureMessages":[],"meta":{}},{"ancestorTitles":["produção visual v003"],"fullName":"produção visual v003 cobre os 15 móveis ativos em cinco níveis e 100 folhas renderizadas","status":"passed","title":"cobre os 15 móveis ativos em cinco níveis e 100 folhas renderizadas","duration":3.985500000000002,"failureMessages":[],"meta":{}},{"ancestorTitles":["produção visual v003"],"fullName":"produção visual v003 faz o upgrade como transação atômica, com custo, desbloqueio e teto","status":"passed","title":"faz o upgrade como transação atômica, com custo, desbloqueio e teto","duration":2.783100000000104,"failureMessages":[],"meta":{}},{"ancestorTitles":["produção visual v003"],"fullName":"produção visual v003 preserva posição e orientação e impede qualquer avanço além do nível 5","status":"passed","title":"preserva posição e orientação e impede qualquer avanço além do nível 5","duration":2.3856000000000677,"failureMessages":[],"meta":{}},{"ancestorTitles":["produção visual v003"],"fullName":"produção visual v003 preserva e saneia níveis visuais ao salvar e carregar","status":"passed","title":"preserva e saneia níveis visuais ao salvar e carregar","duration":3.108600000000024,"failureMessages":[],"meta":{}}],"startTime":1785101116847,"endTime":1785101116865.1086,"status":"passed","message":"","name":"C:/Users/paulo/OneDrive/Área de Trabalho/Projetos/CafeTycoon/src/tests/sprite-refresh-production-v003.test.ts"}]}