{"numTotalTestSuites":92,"numPassedTestSuites":53,"numFailedTestSuites":39,"numPendingTestSuites":0,"numTotalTests":315,"numPassedTests":251,"numFailedTests":64,"numPendingTests":0,"numTodoTests":0,"snapshot":{"added":0,"failure":false,"filesAdded":0,"filesRemoved":0,"filesRemovedList":[],"filesUnmatched":0,"filesUpdated":0,"matched":0,"total":0,"unchecked":0,"uncheckedKeysByFile":[],"unmatched":0,"updated":0,"didUpdate":false},"startTime":1785101118213,"success":false,"testResults":[{"assertionResults":[{"ancestorTitles":["pipeline Blender 0.0.4"],"fullName":"pipeline Blender 0.0.4 registra a reconstrução original e o contrato isométrico","status":"passed","title":"registra a reconstrução original e o contrato isométrico","duration":3.066599999999994,"failureMessages":[],"meta":{}},{"ancestorTitles":["pipeline Blender 0.0.4"],"fullName":"pipeline Blender 0.0.4 gera 72 assets individuais, fontes editáveis e thumbnails","status":"passed","title":"gera 72 assets individuais, fontes editáveis e thumbnails","duration":29.380499999999984,"failureMessages":[],"meta":{}},{"ancestorTitles":["pipeline Blender 0.0.4"],"fullName":"pipeline Blender 0.0.4 preserva quatro direções, pés, poses completas e PNG RGBA nítido","status":"failed","title":"preserva quatro direções, pés, poses completas e PNG RGBA nítido","duration":44.599000000000046,"failureMessages":["AssertionError: expected 192 to be greater than or equal to 768\n    at C:\\Users\\paulo\\OneDrive\\Área de Trabalho\\Projetos\\CafeTycoon\\src\\tests\\blender-assets-v003.test.ts:76:28\n    at file:///C:/Users/paulo/OneDrive/%C3%81rea%20de%20Trabalho/Projetos/CafeTycoon/node_modules/@vitest/runner/dist/chunk-hooks.js:155:11\n    at file:///C:/Users/paulo/OneDrive/%C3%81rea%20de%20Trabalho/Projetos/CafeTycoon/node_modules/@vitest/runner/dist/chunk-hooks.js:752:26\n    at file:///C:/Users/paulo/OneDrive/%C3%81rea%20de%20Trabalho/Projetos/CafeTycoon/node_modules/@vitest/runner/dist/chunk-hooks.js:1897:20\n    at new Promise (<anonymous>)\n    at runWithTimeout (file:///C:/Users/paulo/OneDrive/%C3%81rea%20de%20Trabalho/Projetos/CafeTycoon/node_modules/@vitest/runner/dist/chunk-hooks.js:1863:10)\n    at runTest (file:///C:/Users/paulo/OneDrive/%C3%81rea%20de%20Trabalho/Projetos/CafeTycoon/node_modules/@vitest/runner/dist/chunk-hooks.js:1574:12)\n    at processTicksAndRejections (node:internal/process/task_queues:104:5)\n    at runSuite (file:///C:/Users/paulo/OneDrive/%C3%81rea%20de%20Trabalho/Projetos/CafeTycoon/node_modules/@vitest/runner/dist/chunk-hooks.js:1729:8)\n    at runSuite (file:///C:/Users/paulo/OneDrive/%C3%81rea%20de%20Trabalho/Projetos/CafeTycoon/node_modules/@vitest/runner/dist/chunk-hooks.js:1729:8)"],"meta":{}},{"ancestorTitles":["pipeline Blender 0.0.4"],"fullName":"pipeline Blender 0.0.4 usa os oito consumidores e personagens autorizados do pacote Cafe Mania","status":"passed","title":"usa os oito consumidores e personagens autorizados do pacote Cafe Mania","duration":0.681699999999978,"failureMessages":[],"meta":{}},{"ancestorTitles":["pipeline Blender 0.0.4"],"fullName":"pipeline Blender 0.0.4 divide três cadeiras estruturais em encosto, conjunto completo e frente","status":"passed","title":"divide três cadeiras estruturais em encosto, conjunto completo e frente","duration":0.560100000000034,"failureMessages":[],"meta":{}},{"ancestorTitles":["pipeline Blender 0.0.4"],"fullName":"pipeline Blender 0.0.4 mantém estados/footprints dos equipamentos de nível 1","status":"failed","title":"mantém estados/footprints dos equipamentos de nível 1","duration":6.809399999999982,"failureMessages":["AssertionError: expected { assetId: 'stove_level_1', …(29) } to match object { footprint: [ 2, 1 ], …(1) }\n(36 matching properties omitted from actual)\n    at Proxy.<anonymous> (file:///C:/Users/paulo/OneDrive/%C3%81rea%20de%20Trabalho/Projetos/CafeTycoon/node_modules/@vitest/expect/dist/index.js:1155:10)\n    at Proxy.<anonymous> (file:///C:/Users/paulo/OneDrive/%C3%81rea%20de%20Trabalho/Projetos/CafeTycoon/node_modules/@vitest/expect/dist/index.js:1029:14)\n    at Proxy.methodWrapper (file:///C:/Users/paulo/OneDrive/%C3%81rea%20de%20Trabalho/Projetos/CafeTycoon/node_modules/chai/index.js:1686:25)\n    at C:\\Users\\paulo\\OneDrive\\Área de Trabalho\\Projetos\\CafeTycoon\\src\\tests\\blender-assets-v003.test.ts:116:19\n    at file:///C:/Users/paulo/OneDrive/%C3%81rea%20de%20Trabalho/Projetos/CafeTycoon/node_modules/@vitest/runner/dist/chunk-hooks.js:155:11\n    at file:///C:/Users/paulo/OneDrive/%C3%81rea%20de%20Trabalho/Projetos/CafeTycoon/node_modules/@vitest/runner/dist/chunk-hooks.js:752:26\n    at file:///C:/Users/paulo/OneDrive/%C3%81rea%20de%20Trabalho/Projetos/CafeTycoon/node_modules/@vitest/runner/dist/chunk-hooks.js:1897:20\n    at new Promise (<anonymous>)\n    at runWithTimeout (file:///C:/Users/paulo/OneDrive/%C3%81rea%20de%20Trabalho/Projetos/CafeTycoon/node_modules/@vitest/runner/dist/chunk-hooks.js:1863:10)\n    at runTest (file:///C:/Users/paulo/OneDrive/%C3%81rea%20de%20Trabalho/Projetos/CafeTycoon/node_modules/@vitest/runner/dist/chunk-hooks.js:1574:12)"],"meta":{}},{"ancestorTitles":["pipeline Blender 0.0.4"],"fullName":"pipeline Blender 0.0.4 serve os sprites novos e invalida o cache visual antigo","status":"passed","title":"serve os sprites novos e invalida o cache visual antigo","duration":1.2485000000000355,"failureMessages":[],"meta":{}}],"startTime":1785101119075,"endTime":1785101119161.2485,"status":"failed","message":"","name":"C:/Users/paulo/OneDrive/Área de Trabalho/Projetos/CafeTycoon/src/tests/blender-assets-v003.test.ts"},{"assertionResults":[{"ancestorTitles":["pacote definitivo C3-BR 0.0.7"],"fullName":"pacote definitivo C3-BR 0.0.7 registra exatamente os dez personagens e a câmera real do jogo","status":"passed","title":"registra exatamente os dez personagens e a câmera real do jogo","duration":4.237599999999929,"failureMessages":[],"meta":{}},{"ancestorTitles":["pacote definitivo C3-BR 0.0.7"],"fullName":"pacote definitivo C3-BR 0.0.7 possui rigs editáveis, quatro direções reais e todas as animações funcionais","status":"passed","title":"possui rigs editáveis, quatro direções reais e todas as animações funcionais","duration":5.738499999999931,"failureMessages":[],"meta":{}},{"ancestorTitles":["pacote definitivo C3-BR 0.0.7"],"fullName":"pacote definitivo C3-BR 0.0.7 exporta folhas RGBA nítidas, pivô estável e todos os PNGs individuais","status":"passed","title":"exporta folhas RGBA nítidas, pivô estável e todos os PNGs individuais","duration":349.0289,"failureMessages":[],"meta":{}},{"ancestorTitles":["pacote definitivo C3-BR 0.0.7"],"fullName":"pacote definitivo C3-BR 0.0.7 mantém os IDs antigos como aliases sem apagar saves existentes","status":"passed","title":"mantém os IDs antigos como aliases sem apagar saves existentes","duration":1.878099999999904,"failureMessages":[],"meta":{}},{"ancestorTitles":["pacote definitivo C3-BR 0.0.7"],"fullName":"pacote definitivo C3-BR 0.0.7 oferece as trinta skins, vinte variantes e uniformes de chef por profissão","status":"failed","title":"oferece as trinta skins, vinte variantes e uniformes de chef por profissão","duration":10.170699999999897,"failureMessages":["AssertionError: expected [ { …(4) }, { …(4) }, { …(4) }, …(26) ] to have a length of 30 but got 29\n    at Proxy.<anonymous> (file:///C:/Users/paulo/OneDrive/%C3%81rea%20de%20Trabalho/Projetos/CafeTycoon/node_modules/@vitest/expect/dist/index.js:1257:20)\n    at Proxy.<anonymous> (file:///C:/Users/paulo/OneDrive/%C3%81rea%20de%20Trabalho/Projetos/CafeTycoon/node_modules/@vitest/expect/dist/index.js:1029:14)\n    at Proxy.methodWrapper (file:///C:/Users/paulo/OneDrive/%C3%81rea%20de%20Trabalho/Projetos/CafeTycoon/node_modules/chai/index.js:1686:25)\n    at C:\\Users\\paulo\\OneDrive\\Área de Trabalho\\Projetos\\CafeTycoon\\src\\tests\\c3-br-v007.test.ts:103:26\n    at file:///C:/Users/paulo/OneDrive/%C3%81rea%20de%20Trabalho/Projetos/CafeTycoon/node_modules/@vitest/runner/dist/chunk-hooks.js:155:11\n    at file:///C:/Users/paulo/OneDrive/%C3%81rea%20de%20Trabalho/Projetos/CafeTycoon/node_modules/@vitest/runner/dist/chunk-hooks.js:752:26\n    at file:///C:/Users/paulo/OneDrive/%C3%81rea%20de%20Trabalho/Projetos/CafeTycoon/node_modules/@vitest/runner/dist/chunk-hooks.js:1897:20\n    at new Promise (<anonymous>)\n    at runWithTimeout (file:///C:/Users/paulo/OneDrive/%C3%81rea%20de%20Trabalho/Projetos/CafeTycoon/node_modules/@vitest/runner/dist/chunk-hooks.js:1863:10)\n    at runTest (file:///C:/Users/paulo/OneDrive/%C3%81rea%20de%20Trabalho/Projetos/CafeTycoon/node_modules/@vitest/runner/dist/chunk-hooks.js:1574:12)"],"meta":{}}],"startTime":1785101119323,"endTime":1785101119695.1707,"status":"failed","message":"","name":"C:/Users/paulo/OneDrive/Área de Trabalho/Projetos/CafeTycoon/src/tests/c3-br-v007.test.ts"},{"assertionResults":[{"ancestorTitles":["conforto e gorjetas 0.0.10"],"fullName":"conforto e gorjetas 0.0.10 aplica conforto base T1 e T2 e limita plantas por assento","status":"passed","title":"aplica conforto base T1 e T2 e limita plantas por assento","duration":1.7042000000000144,"failureMessages":[],"meta":{}},{"ancestorTitles":["conforto e gorjetas 0.0.10"],"fullName":"conforto e gorjetas 0.0.10 calcula conforto individual usando Chebyshev a partir da cadeira","status":"passed","title":"calcula conforto individual usando Chebyshev a partir da cadeira","duration":10.96289999999999,"failureMessages":[],"meta":{}},{"ancestorTitles":["conforto e gorjetas 0.0.10"],"fullName":"conforto e gorjetas 0.0.10 respeita limites oficiais de atendimento e formula de chance","status":"passed","title":"respeita limites oficiais de atendimento e formula de chance","duration":0.823099999999954,"failureMessages":[],"meta":{}},{"ancestorTitles":["conforto e gorjetas 0.0.10"],"fullName":"conforto e gorjetas 0.0.10 usa preco unitario, percentual do perfil e minimo de uma moeda","status":"passed","title":"usa preco unitario, percentual do perfil e minimo de uma moeda","duration":0.32780000000002474,"failureMessages":[],"meta":{}},{"ancestorTitles":["conforto e gorjetas 0.0.10"],"fullName":"conforto e gorjetas 0.0.10 avalia uma unica vez, credita apenas moedas e persiste a decisao","status":"passed","title":"avalia uma unica vez, credita apenas moedas e persiste a decisao","duration":7.463300000000004,"failureMessages":[],"meta":{}}],"startTime":1785101120940,"endTime":1785101120961.4634,"status":"passed","message":"","name":"C:/Users/paulo/OneDrive/Área de Trabalho/Projetos/CafeTycoon/src/tests/comfort-tips-v010.test.ts"},{"assertionResults":[{"ancestorTitles":["editor isometrico ao vivo"],"fullName":"editor isometrico ao vivo move os moveis diretamente sobre a cena sem mapa separado","status":"passed","title":"move os moveis diretamente sobre a cena sem mapa separado","duration":3.0383999999999105,"failureMessages":[],"meta":{}},{"ancestorTitles":["editor isometrico ao vivo"],"fullName":"editor isometrico ao vivo mantém a compra focada nos móveis funcionais e recolhe alternativas futuras","status":"failed","title":"mantém a compra focada nos móveis funcionais e recolhe alternativas futuras","duration":11.90300000000002,"failureMessages":["AssertionError: expected 'import type { Direction, FurnitureCat…' to contain 'data-id=\"shop\"'\n    at C:\\Users\\paulo\\OneDrive\\Área de Trabalho\\Projetos\\CafeTycoon\\src\\tests\\construction-editor-v005.test.ts:41:18\n    at file:///C:/Users/paulo/OneDrive/%C3%81rea%20de%20Trabalho/Projetos/CafeTycoon/node_modules/@vitest/runner/dist/chunk-hooks.js:155:11\n    at file:///C:/Users/paulo/OneDrive/%C3%81rea%20de%20Trabalho/Projetos/CafeTycoon/node_modules/@vitest/runner/dist/chunk-hooks.js:752:26\n    at file:///C:/Users/paulo/OneDrive/%C3%81rea%20de%20Trabalho/Projetos/CafeTycoon/node_modules/@vitest/runner/dist/chunk-hooks.js:1897:20\n    at new Promise (<anonymous>)\n    at runWithTimeout (file:///C:/Users/paulo/OneDrive/%C3%81rea%20de%20Trabalho/Projetos/CafeTycoon/node_modules/@vitest/runner/dist/chunk-hooks.js:1863:10)\n    at runTest (file:///C:/Users/paulo/OneDrive/%C3%81rea%20de%20Trabalho/Projetos/CafeTycoon/node_modules/@vitest/runner/dist/chunk-hooks.js:1574:12)\n    at processTicksAndRejections (node:internal/process/task_queues:104:5)\n    at runSuite (file:///C:/Users/paulo/OneDrive/%C3%81rea%20de%20Trabalho/Projetos/CafeTycoon/node_modules/@vitest/runner/dist/chunk-hooks.js:1729:8)\n    at runSuite (file:///C:/Users/paulo/OneDrive/%C3%81rea%20de%20Trabalho/Projetos/CafeTycoon/node_modules/@vitest/runner/dist/chunk-hooks.js:1729:8)"],"meta":{}},{"ancestorTitles":["editor isometrico ao vivo"],"fullName":"editor isometrico ao vivo usa mesa e banco robustos com a biblioteca visual da cozinha","status":"passed","title":"usa mesa e banco robustos com a biblioteca visual da cozinha","duration":1.7235000000000582,"failureMessages":[],"meta":{}},{"ancestorTitles":["editor físico e loja da 0.0.5"],"fullName":"editor físico e loja da 0.0.5 mantém pia e fogão exatamente 1×1 em todas as rotações","status":"passed","title":"mantém pia e fogão exatamente 1×1 em todas as rotações","duration":0.9243999999998778,"failureMessages":[],"meta":{}},{"ancestorTitles":["editor físico e loja da 0.0.5"],"fullName":"editor físico e loja da 0.0.5 mantém o WorkSlot na frente visual do móvel em todas as rotações","status":"passed","title":"mantém o WorkSlot na frente visual do móvel em todas as rotações","duration":0.7022999999999229,"failureMessages":[],"meta":{}},{"ancestorTitles":["editor físico e loja da 0.0.5"],"fullName":"editor físico e loja da 0.0.5 aceita a pia com as costas encostadas nas duas paredes laterais","status":"passed","title":"aceita a pia com as costas encostadas nas duas paredes laterais","duration":1.678000000000111,"failureMessages":[],"meta":{}},{"ancestorTitles":["editor físico e loja da 0.0.5"],"fullName":"editor físico e loja da 0.0.5 rejeita colisão e preserva entrada, saída e workSlots","status":"failed","title":"rejeita colisão e preserva entrada, saída e workSlots","duration":7.06230000000005,"failureMessages":["AssertionError: expected true to be false // Object.is equality\n    at C:\\Users\\paulo\\OneDrive\\Área de Trabalho\\Projetos\\CafeTycoon\\src\\tests\\construction-editor-v005.test.ts:86:120\n    at file:///C:/Users/paulo/OneDrive/%C3%81rea%20de%20Trabalho/Projetos/CafeTycoon/node_modules/@vitest/runner/dist/chunk-hooks.js:155:11\n    at file:///C:/Users/paulo/OneDrive/%C3%81rea%20de%20Trabalho/Projetos/CafeTycoon/node_modules/@vitest/runner/dist/chunk-hooks.js:752:26\n    at file:///C:/Users/paulo/OneDrive/%C3%81rea%20de%20Trabalho/Projetos/CafeTycoon/node_modules/@vitest/runner/dist/chunk-hooks.js:1897:20\n    at new Promise (<anonymous>)\n    at runWithTimeout (file:///C:/Users/paulo/OneDrive/%C3%81rea%20de%20Trabalho/Projetos/CafeTycoon/node_modules/@vitest/runner/dist/chunk-hooks.js:1863:10)\n    at runTest (file:///C:/Users/paulo/OneDrive/%C3%81rea%20de%20Trabalho/Projetos/CafeTycoon/node_modules/@vitest/runner/dist/chunk-hooks.js:1574:12)\n    at processTicksAndRejections (node:internal/process/task_queues:104:5)\n    at runSuite (file:///C:/Users/paulo/OneDrive/%C3%81rea%20de%20Trabalho/Projetos/CafeTycoon/node_modules/@vitest/runner/dist/chunk-hooks.js:1729:8)\n    at runSuite (file:///C:/Users/paulo/OneDrive/%C3%81rea%20de%20Trabalho/Projetos/CafeTycoon/node_modules/@vitest/runner/dist/chunk-hooks.js:1729:8)"],"meta":{}},{"ancestorTitles":["editor físico e loja da 0.0.5"],"fullName":"editor físico e loja da 0.0.5 compra, liga cadeira à mesa, move, gira, guarda, vende, desfaz e refaz","status":"failed","title":"compra, liga cadeira à mesa, move, gira, guarda, vende, desfaz e refaz","duration":1.89650000000006,"failureMessages":["AssertionError: expected false to be true // Object.is equality\n    at C:\\Users\\paulo\\OneDrive\\Área de Trabalho\\Projetos\\CafeTycoon\\src\\tests\\construction-editor-v005.test.ts:95:59\n    at file:///C:/Users/paulo/OneDrive/%C3%81rea%20de%20Trabalho/Projetos/CafeTycoon/node_modules/@vitest/runner/dist/chunk-hooks.js:155:11\n    at file:///C:/Users/paulo/OneDrive/%C3%81rea%20de%20Trabalho/Projetos/CafeTycoon/node_modules/@vitest/runner/dist/chunk-hooks.js:752:26\n    at file:///C:/Users/paulo/OneDrive/%C3%81rea%20de%20Trabalho/Projetos/CafeTycoon/node_modules/@vitest/runner/dist/chunk-hooks.js:1897:20\n    at new Promise (<anonymous>)\n    at runWithTimeout (file:///C:/Users/paulo/OneDrive/%C3%81rea%20de%20Trabalho/Projetos/CafeTycoon/node_modules/@vitest/runner/dist/chunk-hooks.js:1863:10)\n    at runTest (file:///C:/Users/paulo/OneDrive/%C3%81rea%20de%20Trabalho/Projetos/CafeTycoon/node_modules/@vitest/runner/dist/chunk-hooks.js:1574:12)\n    at processTicksAndRejections (node:internal/process/task_queues:104:5)\n    at runSuite (file:///C:/Users/paulo/OneDrive/%C3%81rea%20de%20Trabalho/Projetos/CafeTycoon/node_modules/@vitest/runner/dist/chunk-hooks.js:1729:8)\n    at runSuite (file:///C:/Users/paulo/OneDrive/%C3%81rea%20de%20Trabalho/Projetos/CafeTycoon/node_modules/@vitest/runner/dist/chunk-hooks.js:1729:8)"],"meta":{}},{"ancestorTitles":["editor físico e loja da 0.0.5"],"fullName":"editor físico e loja da 0.0.5 abre no tamanho original, com pintura unificada e paredes pelo contorno","status":"passed","title":"abre no tamanho original, com pintura unificada e paredes pelo contorno","duration":1.6670999999998912,"failureMessages":[],"meta":{}},{"ancestorTitles":["editor físico e loja da 0.0.5"],"fullName":"editor físico e loja da 0.0.5 compra na Loja para o inventário e só coloca pela aba Organizar","status":"failed","title":"compra na Loja para o inventário e só coloca pela aba Organizar","duration":1.5466999999998734,"failureMessages":["AssertionError: expected 250 to be 465 // Object.is equality\n    at C:\\Users\\paulo\\OneDrive\\Área de Trabalho\\Projetos\\CafeTycoon\\src\\tests\\construction-editor-v005.test.ts:135:32\n    at file:///C:/Users/paulo/OneDrive/%C3%81rea%20de%20Trabalho/Projetos/CafeTycoon/node_modules/@vitest/runner/dist/chunk-hooks.js:155:11\n    at file:///C:/Users/paulo/OneDrive/%C3%81rea%20de%20Trabalho/Projetos/CafeTycoon/node_modules/@vitest/runner/dist/chunk-hooks.js:752:26\n    at file:///C:/Users/paulo/OneDrive/%C3%81rea%20de%20Trabalho/Projetos/CafeTycoon/node_modules/@vitest/runner/dist/chunk-hooks.js:1897:20\n    at new Promise (<anonymous>)\n    at runWithTimeout (file:///C:/Users/paulo/OneDrive/%C3%81rea%20de%20Trabalho/Projetos/CafeTycoon/node_modules/@vitest/runner/dist/chunk-hooks.js:1863:10)\n    at runTest (file:///C:/Users/paulo/OneDrive/%C3%81rea%20de%20Trabalho/Projetos/CafeTycoon/node_modules/@vitest/runner/dist/chunk-hooks.js:1574:12)\n    at processTicksAndRejections (node:internal/process/task_queues:104:5)\n    at runSuite (file:///C:/Users/paulo/OneDrive/%C3%81rea%20de%20Trabalho/Projetos/CafeTycoon/node_modules/@vitest/runner/dist/chunk-hooks.js:1729:8)\n    at runSuite (file:///C:/Users/paulo/OneDrive/%C3%81rea%20de%20Trabalho/Projetos/CafeTycoon/node_modules/@vitest/runner/dist/chunk-hooks.js:1729:8)"],"meta":{}},{"ancestorTitles":["editor físico e loja da 0.0.5"],"fullName":"editor físico e loja da 0.0.5 cobra exatamente o preço exibido pela Loja, incluindo multiplicadores de unidades repetidas","status":"passed","title":"cobra exatamente o preço exibido pela Loja, incluindo multiplicadores de unidades repetidas","duration":0.837099999999964,"failureMessages":[],"meta":{}},{"ancestorTitles":["editor físico e loja da 0.0.5"],"fullName":"editor físico e loja da 0.0.5 cancela transacionalmente e confirma apenas um restaurante operável","status":"failed","title":"cancela transacionalmente e confirma apenas um restaurante operável","duration":2.592200000000048,"failureMessages":["AssertionError: expected false to be true // Object.is equality\n    at C:\\Users\\paulo\\OneDrive\\Área de Trabalho\\Projetos\\CafeTycoon\\src\\tests\\construction-editor-v005.test.ts:159:61\n    at file:///C:/Users/paulo/OneDrive/%C3%81rea%20de%20Trabalho/Projetos/CafeTycoon/node_modules/@vitest/runner/dist/chunk-hooks.js:155:11\n    at file:///C:/Users/paulo/OneDrive/%C3%81rea%20de%20Trabalho/Projetos/CafeTycoon/node_modules/@vitest/runner/dist/chunk-hooks.js:752:26\n    at file:///C:/Users/paulo/OneDrive/%C3%81rea%20de%20Trabalho/Projetos/CafeTycoon/node_modules/@vitest/runner/dist/chunk-hooks.js:1897:20\n    at new Promise (<anonymous>)\n    at runWithTimeout (file:///C:/Users/paulo/OneDrive/%C3%81rea%20de%20Trabalho/Projetos/CafeTycoon/node_modules/@vitest/runner/dist/chunk-hooks.js:1863:10)\n    at runTest (file:///C:/Users/paulo/OneDrive/%C3%81rea%20de%20Trabalho/Projetos/CafeTycoon/node_modules/@vitest/runner/dist/chunk-hooks.js:1574:12)\n    at processTicksAndRejections (node:internal/process/task_queues:104:5)\n    at runSuite (file:///C:/Users/paulo/OneDrive/%C3%81rea%20de%20Trabalho/Projetos/CafeTycoon/node_modules/@vitest/runner/dist/chunk-hooks.js:1729:8)\n    at runSuite (file:///C:/Users/paulo/OneDrive/%C3%81rea%20de%20Trabalho/Projetos/CafeTycoon/node_modules/@vitest/runner/dist/chunk-hooks.js:1729:8)"],"meta":{}},{"ancestorTitles":["editor físico e loja da 0.0.5"],"fullName":"editor físico e loja da 0.0.5 compra três blocos 18×18 em sequência e forma as quatro áreas finais","status":"failed","title":"compra três blocos 18×18 em sequência e forma as quatro áreas finais","duration":0.9723000000001321,"failureMessages":["AssertionError: expected false to be true // Object.is equality\n    at C:\\Users\\paulo\\OneDrive\\Área de Trabalho\\Projetos\\CafeTycoon\\src\\tests\\construction-editor-v005.test.ts:174:70\n    at file:///C:/Users/paulo/OneDrive/%C3%81rea%20de%20Trabalho/Projetos/CafeTycoon/node_modules/@vitest/runner/dist/chunk-hooks.js:155:11\n    at file:///C:/Users/paulo/OneDrive/%C3%81rea%20de%20Trabalho/Projetos/CafeTycoon/node_modules/@vitest/runner/dist/chunk-hooks.js:752:26\n    at file:///C:/Users/paulo/OneDrive/%C3%81rea%20de%20Trabalho/Projetos/CafeTycoon/node_modules/@vitest/runner/dist/chunk-hooks.js:1897:20\n    at new Promise (<anonymous>)\n    at runWithTimeout (file:///C:/Users/paulo/OneDrive/%C3%81rea%20de%20Trabalho/Projetos/CafeTycoon/node_modules/@vitest/runner/dist/chunk-hooks.js:1863:10)\n    at runTest (file:///C:/Users/paulo/OneDrive/%C3%81rea%20de%20Trabalho/Projetos/CafeTycoon/node_modules/@vitest/runner/dist/chunk-hooks.js:1574:12)\n    at processTicksAndRejections (node:internal/process/task_queues:104:5)\n    at runSuite (file:///C:/Users/paulo/OneDrive/%C3%81rea%20de%20Trabalho/Projetos/CafeTycoon/node_modules/@vitest/runner/dist/chunk-hooks.js:1729:8)\n    at runSuite (file:///C:/Users/paulo/OneDrive/%C3%81rea%20de%20Trabalho/Projetos/CafeTycoon/node_modules/@vitest/runner/dist/chunk-hooks.js:1729:8)"],"meta":{}},{"ancestorTitles":["editor físico e loja da 0.0.5"],"fullName":"editor físico e loja da 0.0.5 mantém a equipe vinculada diante do móvel ao reposicioná-lo","status":"failed","title":"mantém a equipe vinculada diante do móvel ao reposicioná-lo","duration":1.131900000000087,"failureMessages":["AssertionError: expected true to be false // Object.is equality\n    at C:\\Users\\paulo\\OneDrive\\Área de Trabalho\\Projetos\\CafeTycoon\\src\\tests\\construction-editor-v005.test.ts:188:116\n    at file:///C:/Users/paulo/OneDrive/%C3%81rea%20de%20Trabalho/Projetos/CafeTycoon/node_modules/@vitest/runner/dist/chunk-hooks.js:155:11\n    at file:///C:/Users/paulo/OneDrive/%C3%81rea%20de%20Trabalho/Projetos/CafeTycoon/node_modules/@vitest/runner/dist/chunk-hooks.js:752:26\n    at file:///C:/Users/paulo/OneDrive/%C3%81rea%20de%20Trabalho/Projetos/CafeTycoon/node_modules/@vitest/runner/dist/chunk-hooks.js:1897:20\n    at new Promise (<anonymous>)\n    at runWithTimeout (file:///C:/Users/paulo/OneDrive/%C3%81rea%20de%20Trabalho/Projetos/CafeTycoon/node_modules/@vitest/runner/dist/chunk-hooks.js:1863:10)\n    at runTest (file:///C:/Users/paulo/OneDrive/%C3%81rea%20de%20Trabalho/Projetos/CafeTycoon/node_modules/@vitest/runner/dist/chunk-hooks.js:1574:12)\n    at processTicksAndRejections (node:internal/process/task_queues:104:5)\n    at runSuite (file:///C:/Users/paulo/OneDrive/%C3%81rea%20de%20Trabalho/Projetos/CafeTycoon/node_modules/@vitest/runner/dist/chunk-hooks.js:1729:8)\n    at runSuite (file:///C:/Users/paulo/OneDrive/%C3%81rea%20de%20Trabalho/Projetos/CafeTycoon/node_modules/@vitest/runner/dist/chunk-hooks.js:1729:8)"],"meta":{}},{"ancestorTitles":["editor físico e loja da 0.0.5"],"fullName":"editor físico e loja da 0.0.5 exige um fogão extra, cobra uma vez e vincula o novo cozinheiro","status":"failed","title":"exige um fogão extra, cobra uma vez e vincula o novo cozinheiro","duration":0.983600000000024,"failureMessages":["AssertionError: expected false to be true // Object.is equality\n    at C:\\Users\\paulo\\OneDrive\\Área de Trabalho\\Projetos\\CafeTycoon\\src\\tests\\construction-editor-v005.test.ts:198:57\n    at file:///C:/Users/paulo/OneDrive/%C3%81rea%20de%20Trabalho/Projetos/CafeTycoon/node_modules/@vitest/runner/dist/chunk-hooks.js:155:11\n    at file:///C:/Users/paulo/OneDrive/%C3%81rea%20de%20Trabalho/Projetos/CafeTycoon/node_modules/@vitest/runner/dist/chunk-hooks.js:752:26\n    at file:///C:/Users/paulo/OneDrive/%C3%81rea%20de%20Trabalho/Projetos/CafeTycoon/node_modules/@vitest/runner/dist/chunk-hooks.js:1897:20\n    at new Promise (<anonymous>)\n    at runWithTimeout (file:///C:/Users/paulo/OneDrive/%C3%81rea%20de%20Trabalho/Projetos/CafeTycoon/node_modules/@vitest/runner/dist/chunk-hooks.js:1863:10)\n    at runTest (file:///C:/Users/paulo/OneDrive/%C3%81rea%20de%20Trabalho/Projetos/CafeTycoon/node_modules/@vitest/runner/dist/chunk-hooks.js:1574:12)\n    at processTicksAndRejections (node:internal/process/task_queues:104:5)\n    at runSuite (file:///C:/Users/paulo/OneDrive/%C3%81rea%20de%20Trabalho/Projetos/CafeTycoon/node_modules/@vitest/runner/dist/chunk-hooks.js:1729:8)\n    at runSuite (file:///C:/Users/paulo/OneDrive/%C3%81rea%20de%20Trabalho/Projetos/CafeTycoon/node_modules/@vitest/runner/dist/chunk-hooks.js:1729:8)"],"meta":{}},{"ancestorTitles":["editor físico e loja da 0.0.5"],"fullName":"editor físico e loja da 0.0.5 pré-visualiza quadrados da ampliação e só cobra após o ✓","status":"failed","title":"pré-visualiza quadrados da ampliação e só cobra após o ✓","duration":0.9058999999999742,"failureMessages":["AssertionError: expected false to be true // Object.is equality\n    at C:\\Users\\paulo\\OneDrive\\Área de Trabalho\\Projetos\\CafeTycoon\\src\\tests\\construction-editor-v005.test.ts:212:74\n    at file:///C:/Users/paulo/OneDrive/%C3%81rea%20de%20Trabalho/Projetos/CafeTycoon/node_modules/@vitest/runner/dist/chunk-hooks.js:155:11\n    at file:///C:/Users/paulo/OneDrive/%C3%81rea%20de%20Trabalho/Projetos/CafeTycoon/node_modules/@vitest/runner/dist/chunk-hooks.js:752:26\n    at file:///C:/Users/paulo/OneDrive/%C3%81rea%20de%20Trabalho/Projetos/CafeTycoon/node_modules/@vitest/runner/dist/chunk-hooks.js:1897:20\n    at new Promise (<anonymous>)\n    at runWithTimeout (file:///C:/Users/paulo/OneDrive/%C3%81rea%20de%20Trabalho/Projetos/CafeTycoon/node_modules/@vitest/runner/dist/chunk-hooks.js:1863:10)\n    at runTest (file:///C:/Users/paulo/OneDrive/%C3%81rea%20de%20Trabalho/Projetos/CafeTycoon/node_modules/@vitest/runner/dist/chunk-hooks.js:1574:12)\n    at processTicksAndRejections (node:internal/process/task_queues:104:5)\n    at runSuite (file:///C:/Users/paulo/OneDrive/%C3%81rea%20de%20Trabalho/Projetos/CafeTycoon/node_modules/@vitest/runner/dist/chunk-hooks.js:1729:8)\n    at runSuite (file:///C:/Users/paulo/OneDrive/%C3%81rea%20de%20Trabalho/Projetos/CafeTycoon/node_modules/@vitest/runner/dist/chunk-hooks.js:1729:8)"],"meta":{}},{"ancestorTitles":["editor físico e loja da 0.0.5"],"fullName":"editor físico e loja da 0.0.5 mantém módulos 1×1 conectados e estoque reservado atomicamente sem negativo","status":"passed","title":"mantém módulos 1×1 conectados e estoque reservado atomicamente sem negativo","duration":1.5214000000000851,"failureMessages":[],"meta":{}},{"ancestorTitles":["editor físico e loja da 0.0.5"],"fullName":"editor físico e loja da 0.0.5 oferece somente receitas possíveis com os equipamentos e balcões instalados","status":"failed","title":"oferece somente receitas possíveis com os equipamentos e balcões instalados","duration":47.21029999999996,"failureMessages":["AssertionError: expected 0 to be greater than 0\n    at C:\\Users\\paulo\\OneDrive\\Área de Trabalho\\Projetos\\CafeTycoon\\src\\tests\\construction-editor-v005.test.ts:241:38\n    at file:///C:/Users/paulo/OneDrive/%C3%81rea%20de%20Trabalho/Projetos/CafeTycoon/node_modules/@vitest/runner/dist/chunk-hooks.js:155:11\n    at file:///C:/Users/paulo/OneDrive/%C3%81rea%20de%20Trabalho/Projetos/CafeTycoon/node_modules/@vitest/runner/dist/chunk-hooks.js:752:26\n    at file:///C:/Users/paulo/OneDrive/%C3%81rea%20de%20Trabalho/Projetos/CafeTycoon/node_modules/@vitest/runner/dist/chunk-hooks.js:1897:20\n    at new Promise (<anonymous>)\n    at runWithTimeout (file:///C:/Users/paulo/OneDrive/%C3%81rea%20de%20Trabalho/Projetos/CafeTycoon/node_modules/@vitest/runner/dist/chunk-hooks.js:1863:10)\n    at runTest (file:///C:/Users/paulo/OneDrive/%C3%81rea%20de%20Trabalho/Projetos/CafeTycoon/node_modules/@vitest/runner/dist/chunk-hooks.js:1574:12)\n    at processTicksAndRejections (node:internal/process/task_queues:104:5)\n    at runSuite (file:///C:/Users/paulo/OneDrive/%C3%81rea%20de%20Trabalho/Projetos/CafeTycoon/node_modules/@vitest/runner/dist/chunk-hooks.js:1729:8)\n    at runSuite (file:///C:/Users/paulo/OneDrive/%C3%81rea%20de%20Trabalho/Projetos/CafeTycoon/node_modules/@vitest/runner/dist/chunk-hooks.js:1729:8)"],"meta":{}},{"ancestorTitles":["editor físico e loja da 0.0.5"],"fullName":"editor físico e loja da 0.0.5 usa cadeiras como teto físico e reputação como limite de procura","status":"failed","title":"usa cadeiras como teto físico e reputação como limite de procura","duration":3.5594999999998436,"failureMessages":["AssertionError: expected 0 to be less than 0\n    at C:\\Users\\paulo\\OneDrive\\Área de Trabalho\\Projetos\\CafeTycoon\\src\\tests\\construction-editor-v005.test.ts:251:48\n    at file:///C:/Users/paulo/OneDrive/%C3%81rea%20de%20Trabalho/Projetos/CafeTycoon/node_modules/@vitest/runner/dist/chunk-hooks.js:155:11\n    at file:///C:/Users/paulo/OneDrive/%C3%81rea%20de%20Trabalho/Projetos/CafeTycoon/node_modules/@vitest/runner/dist/chunk-hooks.js:752:26\n    at file:///C:/Users/paulo/OneDrive/%C3%81rea%20de%20Trabalho/Projetos/CafeTycoon/node_modules/@vitest/runner/dist/chunk-hooks.js:1897:20\n    at new Promise (<anonymous>)\n    at runWithTimeout (file:///C:/Users/paulo/OneDrive/%C3%81rea%20de%20Trabalho/Projetos/CafeTycoon/node_modules/@vitest/runner/dist/chunk-hooks.js:1863:10)\n    at runTest (file:///C:/Users/paulo/OneDrive/%C3%81rea%20de%20Trabalho/Projetos/CafeTycoon/node_modules/@vitest/runner/dist/chunk-hooks.js:1574:12)\n    at processTicksAndRejections (node:internal/process/task_queues:104:5)\n    at runSuite (file:///C:/Users/paulo/OneDrive/%C3%81rea%20de%20Trabalho/Projetos/CafeTycoon/node_modules/@vitest/runner/dist/chunk-hooks.js:1729:8)\n    at runSuite (file:///C:/Users/paulo/OneDrive/%C3%81rea%20de%20Trabalho/Projetos/CafeTycoon/node_modules/@vitest/runner/dist/chunk-hooks.js:1729:8)"],"meta":{}}],"startTime":1785101119784,"endTime":1785101119876.5596,"status":"failed","message":"","name":"C:/Users/paulo/OneDrive/Área de Trabalho/Projetos/CafeTycoon/src/tests/construction-editor-v005.test.ts"},{"assertionResults":[{"ancestorTitles":["fila FIFO de clientes"],"fullName":"fila FIFO de clientes mantém o grupo mais antigo como barreira da fila de mesas","status":"failed","title":"mantém o grupo mais antigo como barreira da fila de mesas","duration":22.753400000000056,"failureMessages":["AssertionError: expected 'import { BALANCE } from \\'../../confi…' to contain '.sort((left, right) => Math.min(...le…'\n    at C:\\Users\\paulo\\OneDrive\\Área de Trabalho\\Projetos\\CafeTycoon\\src\\tests\\customer-fifo.test.ts:9:24\n    at file:///C:/Users/paulo/OneDrive/%C3%81rea%20de%20Trabalho/Projetos/CafeTycoon/node_modules/@vitest/runner/dist/chunk-hooks.js:155:11\n    at file:///C:/Users/paulo/OneDrive/%C3%81rea%20de%20Trabalho/Projetos/CafeTycoon/node_modules/@vitest/runner/dist/chunk-hooks.js:752:26\n    at file:///C:/Users/paulo/OneDrive/%C3%81rea%20de%20Trabalho/Projetos/CafeTycoon/node_modules/@vitest/runner/dist/chunk-hooks.js:1897:20\n    at new Promise (<anonymous>)\n    at runWithTimeout (file:///C:/Users/paulo/OneDrive/%C3%81rea%20de%20Trabalho/Projetos/CafeTycoon/node_modules/@vitest/runner/dist/chunk-hooks.js:1863:10)\n    at runTest (file:///C:/Users/paulo/OneDrive/%C3%81rea%20de%20Trabalho/Projetos/CafeTycoon/node_modules/@vitest/runner/dist/chunk-hooks.js:1574:12)\n    at processTicksAndRejections (node:internal/process/task_queues:104:5)\n    at runSuite (file:///C:/Users/paulo/OneDrive/%C3%81rea%20de%20Trabalho/Projetos/CafeTycoon/node_modules/@vitest/runner/dist/chunk-hooks.js:1729:8)\n    at runSuite (file:///C:/Users/paulo/OneDrive/%C3%81rea%20de%20Trabalho/Projetos/CafeTycoon/node_modules/@vitest/runner/dist/chunk-hooks.js:1729:8)"],"meta":{}},{"ancestorTitles":["fila FIFO de clientes"],"fullName":"fila FIFO de clientes atende primeiro a tarefa mais antiga quando a prioridade é igual","status":"passed","title":"atende primeiro a tarefa mais antiga quando a prioridade é igual","duration":0.7631000000000085,"failureMessages":[],"meta":{}}],"startTime":1785101120056,"endTime":1785101120079.7632,"status":"failed","message":"","name":"C:/Users/paulo/OneDrive/Área de Trabalho/Projetos/CafeTycoon/src/tests/customer-fifo.test.ts"},{"assertionResults":[{"ancestorTitles":["ciclo de clientes 0.0.4"],"fullName":"ciclo de clientes 0.0.4 faz o cliente entrar, usar um assento e sair sem permanecer travado","status":"failed","title":"faz o cliente entrar, usar um assento e sair sem permanecer travado","duration":93.57060000000001,"failureMessages":["AssertionError: expected +0 to be 1 // Object.is equality\n    at C:\\Users\\paulo\\OneDrive\\Área de Trabalho\\Projetos\\CafeTycoon\\src\\tests\\customer-lifecycle.test.ts:18:41\n    at file:///C:/Users/paulo/OneDrive/%C3%81rea%20de%20Trabalho/Projetos/CafeTycoon/node_modules/@vitest/runner/dist/chunk-hooks.js:155:11\n    at file:///C:/Users/paulo/OneDrive/%C3%81rea%20de%20Trabalho/Projetos/CafeTycoon/node_modules/@vitest/runner/dist/chunk-hooks.js:752:26\n    at file:///C:/Users/paulo/OneDrive/%C3%81rea%20de%20Trabalho/Projetos/CafeTycoon/node_modules/@vitest/runner/dist/chunk-hooks.js:1897:20\n    at new Promise (<anonymous>)\n    at runWithTimeout (file:///C:/Users/paulo/OneDrive/%C3%81rea%20de%20Trabalho/Projetos/CafeTycoon/node_modules/@vitest/runner/dist/chunk-hooks.js:1863:10)\n    at runTest (file:///C:/Users/paulo/OneDrive/%C3%81rea%20de%20Trabalho/Projetos/CafeTycoon/node_modules/@vitest/runner/dist/chunk-hooks.js:1574:12)\n    at processTicksAndRejections (node:internal/process/task_queues:104:5)\n    at runSuite (file:///C:/Users/paulo/OneDrive/%C3%81rea%20de%20Trabalho/Projetos/CafeTycoon/node_modules/@vitest/runner/dist/chunk-hooks.js:1729:8)\n    at runSuite (file:///C:/Users/paulo/OneDrive/%C3%81rea%20de%20Trabalho/Projetos/CafeTycoon/node_modules/@vitest/runner/dist/chunk-hooks.js:1729:8)"],"meta":{}},{"ancestorTitles":["ciclo de clientes 0.0.4"],"fullName":"ciclo de clientes 0.0.4 usa uma zona de saída com múltiplas células e mantém a versão 0.0.4","status":"failed","title":"usa uma zona de saída com múltiplas células e mantém a versão 0.0.4","duration":2.430900000000065,"failureMessages":["AssertionError: expected '0.0.10' to be '0.0.9' // Object.is equality\n    at C:\\Users\\paulo\\OneDrive\\Área de Trabalho\\Projetos\\CafeTycoon\\src\\tests\\customer-lifecycle.test.ts:25:26\n    at file:///C:/Users/paulo/OneDrive/%C3%81rea%20de%20Trabalho/Projetos/CafeTycoon/node_modules/@vitest/runner/dist/chunk-hooks.js:155:11\n    at file:///C:/Users/paulo/OneDrive/%C3%81rea%20de%20Trabalho/Projetos/CafeTycoon/node_modules/@vitest/runner/dist/chunk-hooks.js:752:26\n    at file:///C:/Users/paulo/OneDrive/%C3%81rea%20de%20Trabalho/Projetos/CafeTycoon/node_modules/@vitest/runner/dist/chunk-hooks.js:1897:20\n    at new Promise (<anonymous>)\n    at runWithTimeout (file:///C:/Users/paulo/OneDrive/%C3%81rea%20de%20Trabalho/Projetos/CafeTycoon/node_modules/@vitest/runner/dist/chunk-hooks.js:1863:10)\n    at runTest (file:///C:/Users/paulo/OneDrive/%C3%81rea%20de%20Trabalho/Projetos/CafeTycoon/node_modules/@vitest/runner/dist/chunk-hooks.js:1574:12)\n    at processTicksAndRejections (node:internal/process/task_queues:104:5)\n    at runSuite (file:///C:/Users/paulo/OneDrive/%C3%81rea%20de%20Trabalho/Projetos/CafeTycoon/node_modules/@vitest/runner/dist/chunk-hooks.js:1729:8)\n    at runSuite (file:///C:/Users/paulo/OneDrive/%C3%81rea%20de%20Trabalho/Projetos/CafeTycoon/node_modules/@vitest/runner/dist/chunk-hooks.js:1729:8)"],"meta":{}}],"startTime":1785101119621,"endTime":1785101119717.431,"status":"failed","message":"","name":"C:/Users/paulo/OneDrive/Área de Trabalho/Projetos/CafeTycoon/src/tests/customer-lifecycle.test.ts"},{"assertionResults":[{"ancestorTitles":["ritmo dos primeiros níveis"],"fullName":"ritmo dos primeiros níveis espaça as seis primeiras profissões nos níveis 1, 5, 10, 15, 20 e 25","status":"passed","title":"espaça as seis primeiras profissões nos níveis 1, 5, 10, 15, 20 e 25","duration":2.411100000000033,"failureMessages":[],"meta":{}},{"ancestorTitles":["ritmo dos primeiros níveis"],"fullName":"ritmo dos primeiros níveis alinha as estações com o nível do profissional correspondente","status":"passed","title":"alinha as estações com o nível do profissional correspondente","duration":0.5062000000000353,"failureMessages":[],"meta":{}},{"ancestorTitles":["ritmo dos primeiros níveis"],"fullName":"ritmo dos primeiros níveis reduz o primeiro lote de fornearia e posterga a sopa","status":"failed","title":"reduz o primeiro lote de fornearia e posterga a sopa","duration":11.632699999999886,"failureMessages":["AssertionError: expected { id: 'soup', …(23) } to match object { requiredLevel: 10, …(1) }\n(22 matching properties omitted from actual)\n    at Proxy.<anonymous> (file:///C:/Users/paulo/OneDrive/%C3%81rea%20de%20Trabalho/Projetos/CafeTycoon/node_modules/@vitest/expect/dist/index.js:1155:10)\n    at Proxy.<anonymous> (file:///C:/Users/paulo/OneDrive/%C3%81rea%20de%20Trabalho/Projetos/CafeTycoon/node_modules/@vitest/expect/dist/index.js:1029:14)\n    at Proxy.methodWrapper (file:///C:/Users/paulo/OneDrive/%C3%81rea%20de%20Trabalho/Projetos/CafeTycoon/node_modules/chai/index.js:1686:25)\n    at C:\\Users\\paulo\\OneDrive\\Área de Trabalho\\Projetos\\CafeTycoon\\src\\tests\\early-game-pacing.test.ts:29:31\n    at file:///C:/Users/paulo/OneDrive/%C3%81rea%20de%20Trabalho/Projetos/CafeTycoon/node_modules/@vitest/runner/dist/chunk-hooks.js:155:11\n    at file:///C:/Users/paulo/OneDrive/%C3%81rea%20de%20Trabalho/Projetos/CafeTycoon/node_modules/@vitest/runner/dist/chunk-hooks.js:752:26\n    at file:///C:/Users/paulo/OneDrive/%C3%81rea%20de%20Trabalho/Projetos/CafeTycoon/node_modules/@vitest/runner/dist/chunk-hooks.js:1897:20\n    at new Promise (<anonymous>)\n    at runWithTimeout (file:///C:/Users/paulo/OneDrive/%C3%81rea%20de%20Trabalho/Projetos/CafeTycoon/node_modules/@vitest/runner/dist/chunk-hooks.js:1863:10)\n    at runTest (file:///C:/Users/paulo/OneDrive/%C3%81rea%20de%20Trabalho/Projetos/CafeTycoon/node_modules/@vitest/runner/dist/chunk-hooks.js:1574:12)"],"meta":{}},{"ancestorTitles":["ritmo dos primeiros níveis"],"fullName":"ritmo dos primeiros níveis concede dinheiro nos níveis de intervalo antes da fornearia","status":"passed","title":"concede dinheiro nos níveis de intervalo antes da fornearia","duration":2.70900000000006,"failureMessages":[],"meta":{}},{"ancestorTitles":["ritmo dos primeiros níveis"],"fullName":"ritmo dos primeiros níveis differentiates the economy of the early drinks","status":"failed","title":"differentiates the economy of the early drinks","duration":1.598799999999983,"failureMessages":["AssertionError: expected [ 12, 24, 18 ] to deeply equal [ 12, 10, 8 ]\n    at C:\\Users\\paulo\\OneDrive\\Área de Trabalho\\Projetos\\CafeTycoon\\src\\tests\\early-game-pacing.test.ts:44:81\n    at file:///C:/Users/paulo/OneDrive/%C3%81rea%20de%20Trabalho/Projetos/CafeTycoon/node_modules/@vitest/runner/dist/chunk-hooks.js:155:11\n    at file:///C:/Users/paulo/OneDrive/%C3%81rea%20de%20Trabalho/Projetos/CafeTycoon/node_modules/@vitest/runner/dist/chunk-hooks.js:752:26\n    at file:///C:/Users/paulo/OneDrive/%C3%81rea%20de%20Trabalho/Projetos/CafeTycoon/node_modules/@vitest/runner/dist/chunk-hooks.js:1897:20\n    at new Promise (<anonymous>)\n    at runWithTimeout (file:///C:/Users/paulo/OneDrive/%C3%81rea%20de%20Trabalho/Projetos/CafeTycoon/node_modules/@vitest/runner/dist/chunk-hooks.js:1863:10)\n    at runTest (file:///C:/Users/paulo/OneDrive/%C3%81rea%20de%20Trabalho/Projetos/CafeTycoon/node_modules/@vitest/runner/dist/chunk-hooks.js:1574:12)\n    at processTicksAndRejections (node:internal/process/task_queues:104:5)\n    at runSuite (file:///C:/Users/paulo/OneDrive/%C3%81rea%20de%20Trabalho/Projetos/CafeTycoon/node_modules/@vitest/runner/dist/chunk-hooks.js:1729:8)\n    at runSuite (file:///C:/Users/paulo/OneDrive/%C3%81rea%20de%20Trabalho/Projetos/CafeTycoon/node_modules/@vitest/runner/dist/chunk-hooks.js:1729:8)"],"meta":{}}],"startTime":1785101119510,"endTime":1785101119528.5989,"status":"failed","message":"","name":"C:/Users/paulo/OneDrive/Área de Trabalho/Projetos/CafeTycoon/src/tests/early-game-pacing.test.ts"},{"assertionResults":[{"ancestorTitles":["perfis economicos 0.0.10"],"fullName":"perfis economicos 0.0.10 respeita exatamente os limites 50/40/10","status":"passed","title":"respeita exatamente os limites 50/40/10","duration":1.675100000000043,"failureMessages":[],"meta":{}},{"ancestorTitles":["perfis economicos 0.0.10"],"fullName":"perfis economicos 0.0.10 converge para 50/40/10 com RNG deterministico","status":"passed","title":"converge para 50/40/10 com RNG deterministico","duration":7.1875,"failureMessages":[],"meta":{}},{"ancestorTitles":["perfis economicos 0.0.10"],"fullName":"perfis economicos 0.0.10 nao depende de sequencia fixa para classificar o sorteio","status":"passed","title":"nao depende de sequencia fixa para classificar o sorteio","duration":0.9613000000000511,"failureMessages":[],"meta":{}},{"ancestorTitles":["perfis economicos 0.0.10"],"fullName":"perfis economicos 0.0.10 preserva o perfil sorteado durante a visita e em save/load","status":"passed","title":"preserva o perfil sorteado durante a visita e em save/load","duration":64.81309999999996,"failureMessages":[],"meta":{}},{"ancestorTitles":["perfis economicos 0.0.10"],"fullName":"perfis economicos 0.0.10 atribui e persiste perfil estavel para cliente legado sem perfil","status":"passed","title":"atribui e persiste perfil estavel para cliente legado sem perfil","duration":5.628700000000094,"failureMessages":[],"meta":{}},{"ancestorTitles":["perfis economicos 0.0.10"],"fullName":"perfis economicos 0.0.10 mantem o preco oficial da receita independente do perfil","status":"passed","title":"mantem o preco oficial da receita independente do perfil","duration":5.04729999999995,"failureMessages":[],"meta":{}}],"startTime":1785101120548,"endTime":1785101120633.0474,"status":"passed","message":"","name":"C:/Users/paulo/OneDrive/Área de Trabalho/Projetos/CafeTycoon/src/tests/economic-profiles-v010.test.ts"},{"assertionResults":[{"ancestorTitles":["pratos definitivos low-poly 0.0.7"],"fullName":"pratos definitivos low-poly 0.0.7 mapeia cada receita ativa para um visual 3D exclusivo","status":"passed","title":"mapeia cada receita ativa para um visual 3D exclusivo","duration":3.576999999999998,"failureMessages":[],"meta":{}},{"ancestorTitles":["pratos definitivos low-poly 0.0.7"],"fullName":"pratos definitivos low-poly 0.0.7 exporta folhas transparentes em quatro direções e escala única","status":"passed","title":"exporta folhas transparentes em quatro direções e escala única","duration":25.78309999999999,"failureMessages":[],"meta":{}},{"ancestorTitles":["pratos definitivos low-poly 0.0.7"],"fullName":"pratos definitivos low-poly 0.0.7 mantém a receita correta em balcões vazios, unitários e agrupados","status":"passed","title":"mantém a receita correta em balcões vazios, unitários e agrupados","duration":0.9876000000000431,"failureMessages":[],"meta":{}},{"ancestorTitles":["pratos definitivos low-poly 0.0.7"],"fullName":"pratos definitivos low-poly 0.0.7 usa a mesma identidade no balcão, transporte, mesa e louça suja","status":"failed","title":"usa a mesma identidade no balcão, transporte, mesa e louça suja","duration":12.735000000000014,"failureMessages":["AssertionError: expected 'import Phaser from \\'phaser\\';\\r\\nimp…' to contain 'recipeFoodAssetId(counter?.assignedRe…'\n    at C:\\Users\\paulo\\OneDrive\\Área de Trabalho\\Projetos\\CafeTycoon\\src\\tests\\food-visuals-v007.test.ts:67:19\n    at file:///C:/Users/paulo/OneDrive/%C3%81rea%20de%20Trabalho/Projetos/CafeTycoon/node_modules/@vitest/runner/dist/chunk-hooks.js:155:11\n    at file:///C:/Users/paulo/OneDrive/%C3%81rea%20de%20Trabalho/Projetos/CafeTycoon/node_modules/@vitest/runner/dist/chunk-hooks.js:752:26\n    at file:///C:/Users/paulo/OneDrive/%C3%81rea%20de%20Trabalho/Projetos/CafeTycoon/node_modules/@vitest/runner/dist/chunk-hooks.js:1897:20\n    at new Promise (<anonymous>)\n    at runWithTimeout (file:///C:/Users/paulo/OneDrive/%C3%81rea%20de%20Trabalho/Projetos/CafeTycoon/node_modules/@vitest/runner/dist/chunk-hooks.js:1863:10)\n    at runTest (file:///C:/Users/paulo/OneDrive/%C3%81rea%20de%20Trabalho/Projetos/CafeTycoon/node_modules/@vitest/runner/dist/chunk-hooks.js:1574:12)\n    at processTicksAndRejections (node:internal/process/task_queues:104:5)\n    at runSuite (file:///C:/Users/paulo/OneDrive/%C3%81rea%20de%20Trabalho/Projetos/CafeTycoon/node_modules/@vitest/runner/dist/chunk-hooks.js:1729:8)\n    at runSuite (file:///C:/Users/paulo/OneDrive/%C3%81rea%20de%20Trabalho/Projetos/CafeTycoon/node_modules/@vitest/runner/dist/chunk-hooks.js:1729:8)"],"meta":{}},{"ancestorTitles":["pratos definitivos low-poly 0.0.7"],"fullName":"pratos definitivos low-poly 0.0.7 apoia os pés no vértice inferior, põe pratos no tampo e limpa os ícones de estado","status":"passed","title":"apoia os pés no vértice inferior, põe pratos no tampo e limpa os ícones de estado","duration":1.282699999999977,"failureMessages":[],"meta":{}}],"startTime":1785101119284,"endTime":1785101119328.2827,"status":"failed","message":"","name":"C:/Users/paulo/OneDrive/Área de Trabalho/Projetos/CafeTycoon/src/tests/food-visuals-v007.test.ts"},{"assertionResults":[{"ancestorTitles":["buffs locais de mobiliario 0.0.10"],"fullName":"buffs locais de mobiliario 0.0.10 aplica 0,88 somente ao balcao T2 realmente usado","status":"passed","title":"aplica 0,88 somente ao balcao T2 realmente usado","duration":1.8614999999999782,"failureMessages":[],"meta":{}},{"ancestorTitles":["buffs locais de mobiliario 0.0.10"],"fullName":"buffs locais de mobiliario 0.0.10 nao acumula dois balcoes T2 e preserva outros tipos de tarefa","status":"passed","title":"nao acumula dois balcoes T2 e preserva outros tipos de tarefa","duration":0.29570000000001073,"failureMessages":[],"meta":{}},{"ancestorTitles":["buffs locais de mobiliario 0.0.10"],"fullName":"buffs locais de mobiliario 0.0.10 aplica 0,85 somente a lavagem na pia T2 usada","status":"passed","title":"aplica 0,85 somente a lavagem na pia T2 usada","duration":0.29100000000005366,"failureMessages":[],"meta":{}},{"ancestorTitles":["buffs locais de mobiliario 0.0.10"],"fullName":"buffs locais de mobiliario 0.0.10 descreve os bonus como locais no catalogo","status":"passed","title":"descreve os bonus como locais no catalogo","duration":0.3122000000000753,"failureMessages":[],"meta":{}}],"startTime":1785101121590,"endTime":1785101121592.3123,"status":"passed","message":"","name":"C:/Users/paulo/OneDrive/Área de Trabalho/Projetos/CafeTycoon/src/tests/furniture-tier-buffs-v010.test.ts"},{"assertionResults":[{"ancestorTitles":["Cafe Mania 0.0.8 · alpha de gameplay"],"fullName":"Cafe Mania 0.0.8 · alpha de gameplay publica exatamente a versão e o schema novos","status":"failed","title":"publica exatamente a versão e o schema novos","duration":10.704600000000028,"failureMessages":["AssertionError: expected '0.0.10' to be '0.0.9' // Object.is equality\n    at C:\\Users\\paulo\\OneDrive\\Área de Trabalho\\Projetos\\CafeTycoon\\src\\tests\\gameplay-alpha-v008.test.ts:22:26\n    at file:///C:/Users/paulo/OneDrive/%C3%81rea%20de%20Trabalho/Projetos/CafeTycoon/node_modules/@vitest/runner/dist/chunk-hooks.js:155:11\n    at file:///C:/Users/paulo/OneDrive/%C3%81rea%20de%20Trabalho/Projetos/CafeTycoon/node_modules/@vitest/runner/dist/chunk-hooks.js:752:26\n    at file:///C:/Users/paulo/OneDrive/%C3%81rea%20de%20Trabalho/Projetos/CafeTycoon/node_modules/@vitest/runner/dist/chunk-hooks.js:1897:20\n    at new Promise (<anonymous>)\n    at runWithTimeout (file:///C:/Users/paulo/OneDrive/%C3%81rea%20de%20Trabalho/Projetos/CafeTycoon/node_modules/@vitest/runner/dist/chunk-hooks.js:1863:10)\n    at runTest (file:///C:/Users/paulo/OneDrive/%C3%81rea%20de%20Trabalho/Projetos/CafeTycoon/node_modules/@vitest/runner/dist/chunk-hooks.js:1574:12)\n    at processTicksAndRejections (node:internal/process/task_queues:104:5)\n    at runSuite (file:///C:/Users/paulo/OneDrive/%C3%81rea%20de%20Trabalho/Projetos/CafeTycoon/node_modules/@vitest/runner/dist/chunk-hooks.js:1729:8)\n    at runSuite (file:///C:/Users/paulo/OneDrive/%C3%81rea%20de%20Trabalho/Projetos/CafeTycoon/node_modules/@vitest/runner/dist/chunk-hooks.js:1729:8)"],"meta":{}},{"ancestorTitles":["Cafe Mania 0.0.8 · alpha de gameplay"],"fullName":"Cafe Mania 0.0.8 · alpha de gameplay contém exatamente 52 receitas únicas em ordem estável","status":"passed","title":"contém exatamente 52 receitas únicas em ordem estável","duration":1.485300000000052,"failureMessages":[],"meta":{}},{"ancestorTitles":["Cafe Mania 0.0.8 · alpha de gameplay"],"fullName":"Cafe Mania 0.0.8 · alpha de gameplay começa no Café preto e termina no Medalhão trufado","status":"failed","title":"começa no Café preto e termina no Medalhão trufado","duration":6.338899999999967,"failureMessages":["AssertionError: expected { Object (id, name, ...) } to match object { id: 'truffle-medallion-puree', …(2) }\n(21 matching properties omitted from actual)\n    at Proxy.<anonymous> (file:///C:/Users/paulo/OneDrive/%C3%81rea%20de%20Trabalho/Projetos/CafeTycoon/node_modules/@vitest/expect/dist/index.js:1155:10)\n    at Proxy.<anonymous> (file:///C:/Users/paulo/OneDrive/%C3%81rea%20de%20Trabalho/Projetos/CafeTycoon/node_modules/@vitest/expect/dist/index.js:1029:14)\n    at Proxy.methodWrapper (file:///C:/Users/paulo/OneDrive/%C3%81rea%20de%20Trabalho/Projetos/CafeTycoon/node_modules/chai/index.js:1686:25)\n    at C:\\Users\\paulo\\OneDrive\\Área de Trabalho\\Projetos\\CafeTycoon\\src\\tests\\gameplay-alpha-v008.test.ts:34:28\n    at file:///C:/Users/paulo/OneDrive/%C3%81rea%20de%20Trabalho/Projetos/CafeTycoon/node_modules/@vitest/runner/dist/chunk-hooks.js:155:11\n    at file:///C:/Users/paulo/OneDrive/%C3%81rea%20de%20Trabalho/Projetos/CafeTycoon/node_modules/@vitest/runner/dist/chunk-hooks.js:752:26\n    at file:///C:/Users/paulo/OneDrive/%C3%81rea%20de%20Trabalho/Projetos/CafeTycoon/node_modules/@vitest/runner/dist/chunk-hooks.js:1897:20\n    at new Promise (<anonymous>)\n    at runWithTimeout (file:///C:/Users/paulo/OneDrive/%C3%81rea%20de%20Trabalho/Projetos/CafeTycoon/node_modules/@vitest/runner/dist/chunk-hooks.js:1863:10)\n    at runTest (file:///C:/Users/paulo/OneDrive/%C3%81rea%20de%20Trabalho/Projetos/CafeTycoon/node_modules/@vitest/runner/dist/chunk-hooks.js:1574:12)"],"meta":{}},{"ancestorTitles":["Cafe Mania 0.0.8 · alpha de gameplay"],"fullName":"Cafe Mania 0.0.8 · alpha de gameplay mantém duração, rendimento e economia válidos em todas as receitas","status":"passed","title":"mantém duração, rendimento e economia válidos em todas as receitas","duration":6.010500000000093,"failureMessages":[],"meta":{}},{"ancestorTitles":["Cafe Mania 0.0.8 · alpha de gameplay"],"fullName":"Cafe Mania 0.0.8 · alpha de gameplay preserva os quatro IDs históricos para saves antigos","status":"passed","title":"preserva os quatro IDs históricos para saves antigos","duration":1.0120999999999185,"failureMessages":[],"meta":{}},{"ancestorTitles":["Cafe Mania 0.0.8 · alpha de gameplay"],"fullName":"Cafe Mania 0.0.8 · alpha de gameplay usa lotes fixos independentemente de quantidade arbitrária da interface antiga","status":"failed","title":"usa lotes fixos independentemente de quantidade arbitrária da interface antiga","duration":4.050199999999904,"failureMessages":["AssertionError: expected false to be true // Object.is equality\n    at C:\\Users\\paulo\\OneDrive\\Área de Trabalho\\Projetos\\CafeTycoon\\src\\tests\\gameplay-alpha-v008.test.ts:59:23\n    at file:///C:/Users/paulo/OneDrive/%C3%81rea%20de%20Trabalho/Projetos/CafeTycoon/node_modules/@vitest/runner/dist/chunk-hooks.js:155:11\n    at file:///C:/Users/paulo/OneDrive/%C3%81rea%20de%20Trabalho/Projetos/CafeTycoon/node_modules/@vitest/runner/dist/chunk-hooks.js:752:26\n    at file:///C:/Users/paulo/OneDrive/%C3%81rea%20de%20Trabalho/Projetos/CafeTycoon/node_modules/@vitest/runner/dist/chunk-hooks.js:1897:20\n    at new Promise (<anonymous>)\n    at runWithTimeout (file:///C:/Users/paulo/OneDrive/%C3%81rea%20de%20Trabalho/Projetos/CafeTycoon/node_modules/@vitest/runner/dist/chunk-hooks.js:1863:10)\n    at runTest (file:///C:/Users/paulo/OneDrive/%C3%81rea%20de%20Trabalho/Projetos/CafeTycoon/node_modules/@vitest/runner/dist/chunk-hooks.js:1574:12)\n    at processTicksAndRejections (node:internal/process/task_queues:104:5)\n    at runSuite (file:///C:/Users/paulo/OneDrive/%C3%81rea%20de%20Trabalho/Projetos/CafeTycoon/node_modules/@vitest/runner/dist/chunk-hooks.js:1729:8)\n    at runSuite (file:///C:/Users/paulo/OneDrive/%C3%81rea%20de%20Trabalho/Projetos/CafeTycoon/node_modules/@vitest/runner/dist/chunk-hooks.js:1729:8)"],"meta":{}},{"ancestorTitles":["Cafe Mania 0.0.8 · alpha de gameplay"],"fullName":"Cafe Mania 0.0.8 · alpha de gameplay bloqueia um lote sem dinheiro e não cobra duas vezes","status":"passed","title":"bloqueia um lote sem dinheiro e não cobra duas vezes","duration":0.5827999999999065,"failureMessages":[],"meta":{}},{"ancestorTitles":["Cafe Mania 0.0.8 · alpha de gameplay"],"fullName":"Cafe Mania 0.0.8 · alpha de gameplay bloqueia receita sem profissional e informa a especialidade ausente","status":"passed","title":"bloqueia receita sem profissional e informa a especialidade ausente","duration":0.5026000000000295,"failureMessages":[],"meta":{}},{"ancestorTitles":["Cafe Mania 0.0.8 · alpha de gameplay"],"fullName":"Cafe Mania 0.0.8 · alpha de gameplay acumula quantidades ilimitadas do mesmo prato no mesmo balcão","status":"passed","title":"acumula quantidades ilimitadas do mesmo prato no mesmo balcão","duration":0.29700000000002547,"failureMessages":[],"meta":{}},{"ancestorTitles":["Cafe Mania 0.0.8 · alpha de gameplay"],"fullName":"Cafe Mania 0.0.8 · alpha de gameplay remove a parede lógica na emenda após expandir","status":"passed","title":"remove a parede lógica na emenda após expandir","duration":8.722500000000082,"failureMessages":[],"meta":{}},{"ancestorTitles":["Cafe Mania 0.0.8 · alpha de gameplay"],"fullName":"Cafe Mania 0.0.8 · alpha de gameplay não desbloqueia receitas antes do nível exigido","status":"passed","title":"não desbloqueia receitas antes do nível exigido","duration":0.3371999999999389,"failureMessages":[],"meta":{}},{"ancestorTitles":["Cafe Mania 0.0.8 · alpha de gameplay"],"fullName":"Cafe Mania 0.0.8 · alpha de gameplay define exatamente cem recompensas sem nível vazio","status":"passed","title":"define exatamente cem recompensas sem nível vazio","duration":0.5779999999999745,"failureMessages":[],"meta":{}},{"ancestorTitles":["Cafe Mania 0.0.8 · alpha de gameplay"],"fullName":"Cafe Mania 0.0.8 · alpha de gameplay possui curva crescente e alcança nível 100","status":"passed","title":"possui curva crescente e alcança nível 100","duration":0.3694000000000415,"failureMessages":[],"meta":{}},{"ancestorTitles":["Cafe Mania 0.0.8 · alpha de gameplay"],"fullName":"Cafe Mania 0.0.8 · alpha de gameplay limita a simulação offline a oito horas","status":"passed","title":"limita a simulação offline a oito horas","duration":0.13810000000012224,"failureMessages":[],"meta":{}},{"ancestorTitles":["Cafe Mania 0.0.8 · alpha de gameplay"],"fullName":"Cafe Mania 0.0.8 · alpha de gameplay mapeia novas famílias de estação para equipamento funcional","status":"passed","title":"mapeia novas famílias de estação para equipamento funcional","duration":0.2641999999998461,"failureMessages":[],"meta":{}},{"ancestorTitles":["Cafe Mania 0.0.8 · alpha de gameplay"],"fullName":"Cafe Mania 0.0.8 · alpha de gameplay inclui receitas realmente multiestação no endgame","status":"passed","title":"inclui receitas realmente multiestação no endgame","duration":0.23489999999992506,"failureMessages":[],"meta":{}},{"ancestorTitles":["Cafe Mania 0.0.8 · alpha de gameplay"],"fullName":"Cafe Mania 0.0.8 · alpha de gameplay exporta 52 sprites individuais transparentes sem prancha na gameplay","status":"passed","title":"exporta 52 sprites individuais transparentes sem prancha na gameplay","duration":32.30749999999989,"failureMessages":[],"meta":{}},{"ancestorTitles":["Cafe Mania 0.0.8 · alpha de gameplay"],"fullName":"Cafe Mania 0.0.8 · alpha de gameplay não usa ícone genérico ou nome renderizado como prato","status":"passed","title":"não usa ícone genérico ou nome renderizado como prato","duration":12.964699999999993,"failureMessages":[],"meta":{}},{"ancestorTitles":["Cafe Mania 0.0.8 · alpha de gameplay"],"fullName":"Cafe Mania 0.0.8 · alpha de gameplay migra save antigo sem perder moedas, nível ou os quatro pratos existentes","status":"failed","title":"migra save antigo sem perder moedas, nível ou os quatro pratos existentes","duration":6.070400000000063,"failureMessages":["AssertionError: expected { schemaVersion: 6, …(28) } to match object { schemaVersion: 6, …(3) }\n(177 matching properties omitted from actual)\n    at Proxy.<anonymous> (file:///C:/Users/paulo/OneDrive/%C3%81rea%20de%20Trabalho/Projetos/CafeTycoon/node_modules/@vitest/expect/dist/index.js:1155:10)\n    at Proxy.<anonymous> (file:///C:/Users/paulo/OneDrive/%C3%81rea%20de%20Trabalho/Projetos/CafeTycoon/node_modules/@vitest/expect/dist/index.js:1029:14)\n    at Proxy.methodWrapper (file:///C:/Users/paulo/OneDrive/%C3%81rea%20de%20Trabalho/Projetos/CafeTycoon/node_modules/chai/index.js:1686:25)\n    at C:\\Users\\paulo\\OneDrive\\Área de Trabalho\\Projetos\\CafeTycoon\\src\\tests\\gameplay-alpha-v008.test.ts:155:22\n    at file:///C:/Users/paulo/OneDrive/%C3%81rea%20de%20Trabalho/Projetos/CafeTycoon/node_modules/@vitest/runner/dist/chunk-hooks.js:155:11\n    at file:///C:/Users/paulo/OneDrive/%C3%81rea%20de%20Trabalho/Projetos/CafeTycoon/node_modules/@vitest/runner/dist/chunk-hooks.js:752:26\n    at file:///C:/Users/paulo/OneDrive/%C3%81rea%20de%20Trabalho/Projetos/CafeTycoon/node_modules/@vitest/runner/dist/chunk-hooks.js:1897:20\n    at new Promise (<anonymous>)\n    at runWithTimeout (file:///C:/Users/paulo/OneDrive/%C3%81rea%20de%20Trabalho/Projetos/CafeTycoon/node_modules/@vitest/runner/dist/chunk-hooks.js:1863:10)\n    at runTest (file:///C:/Users/paulo/OneDrive/%C3%81rea%20de%20Trabalho/Projetos/CafeTycoon/node_modules/@vitest/runner/dist/chunk-hooks.js:1574:12)"],"meta":{}},{"ancestorTitles":["Cafe Mania 0.0.8 · alpha de gameplay"],"fullName":"Cafe Mania 0.0.8 · alpha de gameplay cria estoque preparado para todas as receitas sem duplicar comida","status":"passed","title":"cria estoque preparado para todas as receitas sem duplicar comida","duration":0.537499999999909,"failureMessages":[],"meta":{}},{"ancestorTitles":["Cafe Mania 0.0.8 · alpha de gameplay"],"fullName":"Cafe Mania 0.0.8 · alpha de gameplay mantém nomes de prato fora da cena de gameplay","status":"passed","title":"mantém nomes de prato fora da cena de gameplay","duration":2.253099999999904,"failureMessages":[],"meta":{}},{"ancestorTitles":["Cafe Mania 0.0.8 · alpha de gameplay"],"fullName":"Cafe Mania 0.0.8 · alpha de gameplay expõe perfis de tempo express, rápido, médio, longo, madrugada, premium e lendário","status":"failed","title":"expõe perfis de tempo express, rápido, médio, longo, madrugada, premium e lendário","duration":1.6422000000000025,"failureMessages":["AssertionError: expected Set{ 'express', 'quick', 'stock', …(4) } to deeply equal Set{ 'express', 'quick', …(5) }\n    at C:\\Users\\paulo\\OneDrive\\Área de Trabalho\\Projetos\\CafeTycoon\\src\\tests\\gameplay-alpha-v008.test.ts:172:70\n    at file:///C:/Users/paulo/OneDrive/%C3%81rea%20de%20Trabalho/Projetos/CafeTycoon/node_modules/@vitest/runner/dist/chunk-hooks.js:155:11\n    at file:///C:/Users/paulo/OneDrive/%C3%81rea%20de%20Trabalho/Projetos/CafeTycoon/node_modules/@vitest/runner/dist/chunk-hooks.js:752:26\n    at file:///C:/Users/paulo/OneDrive/%C3%81rea%20de%20Trabalho/Projetos/CafeTycoon/node_modules/@vitest/runner/dist/chunk-hooks.js:1897:20\n    at new Promise (<anonymous>)\n    at runWithTimeout (file:///C:/Users/paulo/OneDrive/%C3%81rea%20de%20Trabalho/Projetos/CafeTycoon/node_modules/@vitest/runner/dist/chunk-hooks.js:1863:10)\n    at runTest (file:///C:/Users/paulo/OneDrive/%C3%81rea%20de%20Trabalho/Projetos/CafeTycoon/node_modules/@vitest/runner/dist/chunk-hooks.js:1574:12)\n    at processTicksAndRejections (node:internal/process/task_queues:104:5)\n    at runSuite (file:///C:/Users/paulo/OneDrive/%C3%81rea%20de%20Trabalho/Projetos/CafeTycoon/node_modules/@vitest/runner/dist/chunk-hooks.js:1729:8)\n    at runSuite (file:///C:/Users/paulo/OneDrive/%C3%81rea%20de%20Trabalho/Projetos/CafeTycoon/node_modules/@vitest/runner/dist/chunk-hooks.js:1729:8)"],"meta":{}},{"ancestorTitles":["Cafe Mania 0.0.8 · alpha de gameplay"],"fullName":"Cafe Mania 0.0.8 · alpha de gameplay valida checkpoint de balanceamento coffee","status":"failed","title":"valida checkpoint de balanceamento coffee","duration":1.181400000000167,"failureMessages":["AssertionError: expected { id: 'coffee', …(23) } to match object { requiredLevel: 1, …(2) }\n(21 matching properties omitted from actual)\n    at Proxy.<anonymous> (file:///C:/Users/paulo/OneDrive/%C3%81rea%20de%20Trabalho/Projetos/CafeTycoon/node_modules/@vitest/expect/dist/index.js:1155:10)\n    at Proxy.<anonymous> (file:///C:/Users/paulo/OneDrive/%C3%81rea%20de%20Trabalho/Projetos/CafeTycoon/node_modules/@vitest/expect/dist/index.js:1029:14)\n    at Proxy.methodWrapper (file:///C:/Users/paulo/OneDrive/%C3%81rea%20de%20Trabalho/Projetos/CafeTycoon/node_modules/chai/index.js:1686:25)\n    at C:\\Users\\paulo\\OneDrive\\Área de Trabalho\\Projetos\\CafeTycoon\\src\\tests\\gameplay-alpha-v008.test.ts:182:30\n    at file:///C:/Users/paulo/OneDrive/%C3%81rea%20de%20Trabalho/Projetos/CafeTycoon/node_modules/@vitest/runner/dist/chunk-hooks.js:861:59\n    at file:///C:/Users/paulo/OneDrive/%C3%81rea%20de%20Trabalho/Projetos/CafeTycoon/node_modules/@vitest/runner/dist/chunk-hooks.js:155:11\n    at file:///C:/Users/paulo/OneDrive/%C3%81rea%20de%20Trabalho/Projetos/CafeTycoon/node_modules/@vitest/runner/dist/chunk-hooks.js:752:26\n    at file:///C:/Users/paulo/OneDrive/%C3%81rea%20de%20Trabalho/Projetos/CafeTycoon/node_modules/@vitest/runner/dist/chunk-hooks.js:1897:20\n    at new Promise (<anonymous>)\n    at runWithTimeout (file:///C:/Users/paulo/OneDrive/%C3%81rea%20de%20Trabalho/Projetos/CafeTycoon/node_modules/@vitest/runner/dist/chunk-hooks.js:1863:10)"],"meta":{}},{"ancestorTitles":["Cafe Mania 0.0.8 · alpha de gameplay"],"fullName":"Cafe Mania 0.0.8 · alpha de gameplay valida checkpoint de balanceamento chocolate-cookies","status":"failed","title":"valida checkpoint de balanceamento chocolate-cookies","duration":4.839599999999791,"failureMessages":["AssertionError: expected { id: 'chocolate-cookies', …(23) } to match object { requiredLevel: 5, …(2) }\n(21 matching properties omitted from actual)\n    at Proxy.<anonymous> (file:///C:/Users/paulo/OneDrive/%C3%81rea%20de%20Trabalho/Projetos/CafeTycoon/node_modules/@vitest/expect/dist/index.js:1155:10)\n    at Proxy.<anonymous> (file:///C:/Users/paulo/OneDrive/%C3%81rea%20de%20Trabalho/Projetos/CafeTycoon/node_modules/@vitest/expect/dist/index.js:1029:14)\n    at Proxy.methodWrapper (file:///C:/Users/paulo/OneDrive/%C3%81rea%20de%20Trabalho/Projetos/CafeTycoon/node_modules/chai/index.js:1686:25)\n    at C:\\Users\\paulo\\OneDrive\\Área de Trabalho\\Projetos\\CafeTycoon\\src\\tests\\gameplay-alpha-v008.test.ts:182:30\n    at file:///C:/Users/paulo/OneDrive/%C3%81rea%20de%20Trabalho/Projetos/CafeTycoon/node_modules/@vitest/runner/dist/chunk-hooks.js:861:59\n    at file:///C:/Users/paulo/OneDrive/%C3%81rea%20de%20Trabalho/Projetos/CafeTycoon/node_modules/@vitest/runner/dist/chunk-hooks.js:155:11\n    at file:///C:/Users/paulo/OneDrive/%C3%81rea%20de%20Trabalho/Projetos/CafeTycoon/node_modules/@vitest/runner/dist/chunk-hooks.js:752:26\n    at file:///C:/Users/paulo/OneDrive/%C3%81rea%20de%20Trabalho/Projetos/CafeTycoon/node_modules/@vitest/runner/dist/chunk-hooks.js:1897:20\n    at new Promise (<anonymous>)\n    at runWithTimeout (file:///C:/Users/paulo/OneDrive/%C3%81rea%20de%20Trabalho/Projetos/CafeTycoon/node_modules/@vitest/runner/dist/chunk-hooks.js:1863:10)"],"meta":{}},{"ancestorTitles":["Cafe Mania 0.0.8 · alpha de gameplay"],"fullName":"Cafe Mania 0.0.8 · alpha de gameplay valida checkpoint de balanceamento omelette","status":"failed","title":"valida checkpoint de balanceamento omelette","duration":1.624699999999848,"failureMessages":["AssertionError: expected { id: 'omelette', …(23) } to match object { requiredLevel: 15, …(2) }\n(21 matching properties omitted from actual)\n    at Proxy.<anonymous> (file:///C:/Users/paulo/OneDrive/%C3%81rea%20de%20Trabalho/Projetos/CafeTycoon/node_modules/@vitest/expect/dist/index.js:1155:10)\n    at Proxy.<anonymous> (file:///C:/Users/paulo/OneDrive/%C3%81rea%20de%20Trabalho/Projetos/CafeTycoon/node_modules/@vitest/expect/dist/index.js:1029:14)\n    at Proxy.methodWrapper (file:///C:/Users/paulo/OneDrive/%C3%81rea%20de%20Trabalho/Projetos/CafeTycoon/node_modules/chai/index.js:1686:25)\n    at C:\\Users\\paulo\\OneDrive\\Área de Trabalho\\Projetos\\CafeTycoon\\src\\tests\\gameplay-alpha-v008.test.ts:182:30\n    at file:///C:/Users/paulo/OneDrive/%C3%81rea%20de%20Trabalho/Projetos/CafeTycoon/node_modules/@vitest/runner/dist/chunk-hooks.js:861:59\n    at file:///C:/Users/paulo/OneDrive/%C3%81rea%20de%20Trabalho/Projetos/CafeTycoon/node_modules/@vitest/runner/dist/chunk-hooks.js:155:11\n    at file:///C:/Users/paulo/OneDrive/%C3%81rea%20de%20Trabalho/Projetos/CafeTycoon/node_modules/@vitest/runner/dist/chunk-hooks.js:752:26\n    at file:///C:/Users/paulo/OneDrive/%C3%81rea%20de%20Trabalho/Projetos/CafeTycoon/node_modules/@vitest/runner/dist/chunk-hooks.js:1897:20\n    at new Promise (<anonymous>)\n    at runWithTimeout (file:///C:/Users/paulo/OneDrive/%C3%81rea%20de%20Trabalho/Projetos/CafeTycoon/node_modules/@vitest/runner/dist/chunk-hooks.js:1863:10)"],"meta":{}},{"ancestorTitles":["Cafe Mania 0.0.8 · alpha de gameplay"],"fullName":"Cafe Mania 0.0.8 · alpha de gameplay valida checkpoint de balanceamento burger","status":"failed","title":"valida checkpoint de balanceamento burger","duration":0.7855999999999312,"failureMessages":["AssertionError: expected { id: 'burger', …(23) } to match object { requiredLevel: 28, …(2) }\n(21 matching properties omitted from actual)\n    at Proxy.<anonymous> (file:///C:/Users/paulo/OneDrive/%C3%81rea%20de%20Trabalho/Projetos/CafeTycoon/node_modules/@vitest/expect/dist/index.js:1155:10)\n    at Proxy.<anonymous> (file:///C:/Users/paulo/OneDrive/%C3%81rea%20de%20Trabalho/Projetos/CafeTycoon/node_modules/@vitest/expect/dist/index.js:1029:14)\n    at Proxy.methodWrapper (file:///C:/Users/paulo/OneDrive/%C3%81rea%20de%20Trabalho/Projetos/CafeTycoon/node_modules/chai/index.js:1686:25)\n    at C:\\Users\\paulo\\OneDrive\\Área de Trabalho\\Projetos\\CafeTycoon\\src\\tests\\gameplay-alpha-v008.test.ts:182:30\n    at file:///C:/Users/paulo/OneDrive/%C3%81rea%20de%20Trabalho/Projetos/CafeTycoon/node_modules/@vitest/runner/dist/chunk-hooks.js:861:59\n    at file:///C:/Users/paulo/OneDrive/%C3%81rea%20de%20Trabalho/Projetos/CafeTycoon/node_modules/@vitest/runner/dist/chunk-hooks.js:155:11\n    at file:///C:/Users/paulo/OneDrive/%C3%81rea%20de%20Trabalho/Projetos/CafeTycoon/node_modules/@vitest/runner/dist/chunk-hooks.js:752:26\n    at file:///C:/Users/paulo/OneDrive/%C3%81rea%20de%20Trabalho/Projetos/CafeTycoon/node_modules/@vitest/runner/dist/chunk-hooks.js:1897:20\n    at new Promise (<anonymous>)\n    at runWithTimeout (file:///C:/Users/paulo/OneDrive/%C3%81rea%20de%20Trabalho/Projetos/CafeTycoon/node_modules/@vitest/runner/dist/chunk-hooks.js:1863:10)"],"meta":{}},{"ancestorTitles":["Cafe Mania 0.0.8 · alpha de gameplay"],"fullName":"Cafe Mania 0.0.8 · alpha de gameplay valida checkpoint de balanceamento caldo-verde","status":"failed","title":"valida checkpoint de balanceamento caldo-verde","duration":1.143400000000156,"failureMessages":["AssertionError: expected { id: 'caldo-verde', …(23) } to match object { requiredLevel: 11, …(2) }\n(21 matching properties omitted from actual)\n    at Proxy.<anonymous> (file:///C:/Users/paulo/OneDrive/%C3%81rea%20de%20Trabalho/Projetos/CafeTycoon/node_modules/@vitest/expect/dist/index.js:1155:10)\n    at Proxy.<anonymous> (file:///C:/Users/paulo/OneDrive/%C3%81rea%20de%20Trabalho/Projetos/CafeTycoon/node_modules/@vitest/expect/dist/index.js:1029:14)\n    at Proxy.methodWrapper (file:///C:/Users/paulo/OneDrive/%C3%81rea%20de%20Trabalho/Projetos/CafeTycoon/node_modules/chai/index.js:1686:25)\n    at C:\\Users\\paulo\\OneDrive\\Área de Trabalho\\Projetos\\CafeTycoon\\src\\tests\\gameplay-alpha-v008.test.ts:182:30\n    at file:///C:/Users/paulo/OneDrive/%C3%81rea%20de%20Trabalho/Projetos/CafeTycoon/node_modules/@vitest/runner/dist/chunk-hooks.js:861:59\n    at file:///C:/Users/paulo/OneDrive/%C3%81rea%20de%20Trabalho/Projetos/CafeTycoon/node_modules/@vitest/runner/dist/chunk-hooks.js:155:11\n    at file:///C:/Users/paulo/OneDrive/%C3%81rea%20de%20Trabalho/Projetos/CafeTycoon/node_modules/@vitest/runner/dist/chunk-hooks.js:752:26\n    at file:///C:/Users/paulo/OneDrive/%C3%81rea%20de%20Trabalho/Projetos/CafeTycoon/node_modules/@vitest/runner/dist/chunk-hooks.js:1897:20\n    at new Promise (<anonymous>)\n    at runWithTimeout (file:///C:/Users/paulo/OneDrive/%C3%81rea%20de%20Trabalho/Projetos/CafeTycoon/node_modules/@vitest/runner/dist/chunk-hooks.js:1863:10)"],"meta":{}},{"ancestorTitles":["Cafe Mania 0.0.8 · alpha de gameplay"],"fullName":"Cafe Mania 0.0.8 · alpha de gameplay valida checkpoint de balanceamento croissant","status":"failed","title":"valida checkpoint de balanceamento croissant","duration":0.9028000000000702,"failureMessages":["AssertionError: expected { id: 'croissant', …(23) } to match object { requiredLevel: 9, …(2) }\n(21 matching properties omitted from actual)\n    at Proxy.<anonymous> (file:///C:/Users/paulo/OneDrive/%C3%81rea%20de%20Trabalho/Projetos/CafeTycoon/node_modules/@vitest/expect/dist/index.js:1155:10)\n    at Proxy.<anonymous> (file:///C:/Users/paulo/OneDrive/%C3%81rea%20de%20Trabalho/Projetos/CafeTycoon/node_modules/@vitest/expect/dist/index.js:1029:14)\n    at Proxy.methodWrapper (file:///C:/Users/paulo/OneDrive/%C3%81rea%20de%20Trabalho/Projetos/CafeTycoon/node_modules/chai/index.js:1686:25)\n    at C:\\Users\\paulo\\OneDrive\\Área de Trabalho\\Projetos\\CafeTycoon\\src\\tests\\gameplay-alpha-v008.test.ts:182:30\n    at file:///C:/Users/paulo/OneDrive/%C3%81rea%20de%20Trabalho/Projetos/CafeTycoon/node_modules/@vitest/runner/dist/chunk-hooks.js:861:59\n    at file:///C:/Users/paulo/OneDrive/%C3%81rea%20de%20Trabalho/Projetos/CafeTycoon/node_modules/@vitest/runner/dist/chunk-hooks.js:155:11\n    at file:///C:/Users/paulo/OneDrive/%C3%81rea%20de%20Trabalho/Projetos/CafeTycoon/node_modules/@vitest/runner/dist/chunk-hooks.js:752:26\n    at file:///C:/Users/paulo/OneDrive/%C3%81rea%20de%20Trabalho/Projetos/CafeTycoon/node_modules/@vitest/runner/dist/chunk-hooks.js:1897:20\n    at new Promise (<anonymous>)\n    at runWithTimeout (file:///C:/Users/paulo/OneDrive/%C3%81rea%20de%20Trabalho/Projetos/CafeTycoon/node_modules/@vitest/runner/dist/chunk-hooks.js:1863:10)"],"meta":{}},{"ancestorTitles":["Cafe Mania 0.0.8 · alpha de gameplay"],"fullName":"Cafe Mania 0.0.8 · alpha de gameplay valida checkpoint de balanceamento feijoada","status":"failed","title":"valida checkpoint de balanceamento feijoada","duration":0.7062000000000808,"failureMessages":["AssertionError: expected { id: 'feijoada', …(23) } to match object { requiredLevel: 36, …(2) }\n(21 matching properties omitted from actual)\n    at Proxy.<anonymous> (file:///C:/Users/paulo/OneDrive/%C3%81rea%20de%20Trabalho/Projetos/CafeTycoon/node_modules/@vitest/expect/dist/index.js:1155:10)\n    at Proxy.<anonymous> (file:///C:/Users/paulo/OneDrive/%C3%81rea%20de%20Trabalho/Projetos/CafeTycoon/node_modules/@vitest/expect/dist/index.js:1029:14)\n    at Proxy.methodWrapper (file:///C:/Users/paulo/OneDrive/%C3%81rea%20de%20Trabalho/Projetos/CafeTycoon/node_modules/chai/index.js:1686:25)\n    at C:\\Users\\paulo\\OneDrive\\Área de Trabalho\\Projetos\\CafeTycoon\\src\\tests\\gameplay-alpha-v008.test.ts:182:30\n    at file:///C:/Users/paulo/OneDrive/%C3%81rea%20de%20Trabalho/Projetos/CafeTycoon/node_modules/@vitest/runner/dist/chunk-hooks.js:861:59\n    at file:///C:/Users/paulo/OneDrive/%C3%81rea%20de%20Trabalho/Projetos/CafeTycoon/node_modules/@vitest/runner/dist/chunk-hooks.js:155:11\n    at file:///C:/Users/paulo/OneDrive/%C3%81rea%20de%20Trabalho/Projetos/CafeTycoon/node_modules/@vitest/runner/dist/chunk-hooks.js:752:26\n    at file:///C:/Users/paulo/OneDrive/%C3%81rea%20de%20Trabalho/Projetos/CafeTycoon/node_modules/@vitest/runner/dist/chunk-hooks.js:1897:20\n    at new Promise (<anonymous>)\n    at runWithTimeout (file:///C:/Users/paulo/OneDrive/%C3%81rea%20de%20Trabalho/Projetos/CafeTycoon/node_modules/@vitest/runner/dist/chunk-hooks.js:1863:10)"],"meta":{}},{"ancestorTitles":["Cafe Mania 0.0.8 · alpha de gameplay"],"fullName":"Cafe Mania 0.0.8 · alpha de gameplay valida checkpoint de balanceamento mexican-tacos","status":"failed","title":"valida checkpoint de balanceamento mexican-tacos","duration":1.1504999999999654,"failureMessages":["AssertionError: expected { id: 'mexican-tacos', …(23) } to match object { requiredLevel: 40, …(2) }\n(21 matching properties omitted from actual)\n    at Proxy.<anonymous> (file:///C:/Users/paulo/OneDrive/%C3%81rea%20de%20Trabalho/Projetos/CafeTycoon/node_modules/@vitest/expect/dist/index.js:1155:10)\n    at Proxy.<anonymous> (file:///C:/Users/paulo/OneDrive/%C3%81rea%20de%20Trabalho/Projetos/CafeTycoon/node_modules/@vitest/expect/dist/index.js:1029:14)\n    at Proxy.methodWrapper (file:///C:/Users/paulo/OneDrive/%C3%81rea%20de%20Trabalho/Projetos/CafeTycoon/node_modules/chai/index.js:1686:25)\n    at C:\\Users\\paulo\\OneDrive\\Área de Trabalho\\Projetos\\CafeTycoon\\src\\tests\\gameplay-alpha-v008.test.ts:182:30\n    at file:///C:/Users/paulo/OneDrive/%C3%81rea%20de%20Trabalho/Projetos/CafeTycoon/node_modules/@vitest/runner/dist/chunk-hooks.js:861:59\n    at file:///C:/Users/paulo/OneDrive/%C3%81rea%20de%20Trabalho/Projetos/CafeTycoon/node_modules/@vitest/runner/dist/chunk-hooks.js:155:11\n    at file:///C:/Users/paulo/OneDrive/%C3%81rea%20de%20Trabalho/Projetos/CafeTycoon/node_modules/@vitest/runner/dist/chunk-hooks.js:752:26\n    at file:///C:/Users/paulo/OneDrive/%C3%81rea%20de%20Trabalho/Projetos/CafeTycoon/node_modules/@vitest/runner/dist/chunk-hooks.js:1897:20\n    at new Promise (<anonymous>)\n    at runWithTimeout (file:///C:/Users/paulo/OneDrive/%C3%81rea%20de%20Trabalho/Projetos/CafeTycoon/node_modules/@vitest/runner/dist/chunk-hooks.js:1863:10)"],"meta":{}},{"ancestorTitles":["Cafe Mania 0.0.8 · alpha de gameplay"],"fullName":"Cafe Mania 0.0.8 · alpha de gameplay valida checkpoint de balanceamento ramen","status":"failed","title":"valida checkpoint de balanceamento ramen","duration":1.2938000000001466,"failureMessages":["AssertionError: expected { id: 'ramen', name: 'Ramen', …(22) } to match object { requiredLevel: 46, …(2) }\n(21 matching properties omitted from actual)\n    at Proxy.<anonymous> (file:///C:/Users/paulo/OneDrive/%C3%81rea%20de%20Trabalho/Projetos/CafeTycoon/node_modules/@vitest/expect/dist/index.js:1155:10)\n    at Proxy.<anonymous> (file:///C:/Users/paulo/OneDrive/%C3%81rea%20de%20Trabalho/Projetos/CafeTycoon/node_modules/@vitest/expect/dist/index.js:1029:14)\n    at Proxy.methodWrapper (file:///C:/Users/paulo/OneDrive/%C3%81rea%20de%20Trabalho/Projetos/CafeTycoon/node_modules/chai/index.js:1686:25)\n    at C:\\Users\\paulo\\OneDrive\\Área de Trabalho\\Projetos\\CafeTycoon\\src\\tests\\gameplay-alpha-v008.test.ts:182:30\n    at file:///C:/Users/paulo/OneDrive/%C3%81rea%20de%20Trabalho/Projetos/CafeTycoon/node_modules/@vitest/runner/dist/chunk-hooks.js:861:59\n    at file:///C:/Users/paulo/OneDrive/%C3%81rea%20de%20Trabalho/Projetos/CafeTycoon/node_modules/@vitest/runner/dist/chunk-hooks.js:155:11\n    at file:///C:/Users/paulo/OneDrive/%C3%81rea%20de%20Trabalho/Projetos/CafeTycoon/node_modules/@vitest/runner/dist/chunk-hooks.js:752:26\n    at file:///C:/Users/paulo/OneDrive/%C3%81rea%20de%20Trabalho/Projetos/CafeTycoon/node_modules/@vitest/runner/dist/chunk-hooks.js:1897:20\n    at new Promise (<anonymous>)\n    at runWithTimeout (file:///C:/Users/paulo/OneDrive/%C3%81rea%20de%20Trabalho/Projetos/CafeTycoon/node_modules/@vitest/runner/dist/chunk-hooks.js:1863:10)"],"meta":{}},{"ancestorTitles":["Cafe Mania 0.0.8 · alpha de gameplay"],"fullName":"Cafe Mania 0.0.8 · alpha de gameplay valida checkpoint de balanceamento barbecue-ribs","status":"failed","title":"valida checkpoint de balanceamento barbecue-ribs","duration":1.2212999999999283,"failureMessages":["AssertionError: expected { id: 'barbecue-ribs', …(23) } to match object { requiredLevel: 48, …(2) }\n(21 matching properties omitted from actual)\n    at Proxy.<anonymous> (file:///C:/Users/paulo/OneDrive/%C3%81rea%20de%20Trabalho/Projetos/CafeTycoon/node_modules/@vitest/expect/dist/index.js:1155:10)\n    at Proxy.<anonymous> (file:///C:/Users/paulo/OneDrive/%C3%81rea%20de%20Trabalho/Projetos/CafeTycoon/node_modules/@vitest/expect/dist/index.js:1029:14)\n    at Proxy.methodWrapper (file:///C:/Users/paulo/OneDrive/%C3%81rea%20de%20Trabalho/Projetos/CafeTycoon/node_modules/chai/index.js:1686:25)\n    at C:\\Users\\paulo\\OneDrive\\Área de Trabalho\\Projetos\\CafeTycoon\\src\\tests\\gameplay-alpha-v008.test.ts:182:30\n    at file:///C:/Users/paulo/OneDrive/%C3%81rea%20de%20Trabalho/Projetos/CafeTycoon/node_modules/@vitest/runner/dist/chunk-hooks.js:861:59\n    at file:///C:/Users/paulo/OneDrive/%C3%81rea%20de%20Trabalho/Projetos/CafeTycoon/node_modules/@vitest/runner/dist/chunk-hooks.js:155:11\n    at file:///C:/Users/paulo/OneDrive/%C3%81rea%20de%20Trabalho/Projetos/CafeTycoon/node_modules/@vitest/runner/dist/chunk-hooks.js:752:26\n    at file:///C:/Users/paulo/OneDrive/%C3%81rea%20de%20Trabalho/Projetos/CafeTycoon/node_modules/@vitest/runner/dist/chunk-hooks.js:1897:20\n    at new Promise (<anonymous>)\n    at runWithTimeout (file:///C:/Users/paulo/OneDrive/%C3%81rea%20de%20Trabalho/Projetos/CafeTycoon/node_modules/@vitest/runner/dist/chunk-hooks.js:1863:10)"],"meta":{}},{"ancestorTitles":["Cafe
[...]
 v0.0.10"],"fullName":"fluxos integrados da v0.0.10 FLUXO A · contrata a Barista inicial e a materializa na estação compatível","status":"passed","title":"FLUXO A · contrata a Barista inicial e a materializa na estação compatível","duration":12.175500000000056,"failureMessages":[],"meta":{}},{"ancestorTitles":["fluxos integrados da v0.0.10"],"fullName":"fluxos integrados da v0.0.10 FLUXO B · debita diretamente o custo oficial e cria um único lote sem ingredientes","status":"passed","title":"FLUXO B · debita diretamente o custo oficial e cria um único lote sem ingredientes","duration":2.7875999999999976,"failureMessages":[],"meta":{}},{"ancestorTitles":["fluxos integrados da v0.0.10"],"fullName":"fluxos integrados da v0.0.10 FLUXO C · rejeita saldo insuficiente de forma atômica","status":"passed","title":"FLUXO C · rejeita saldo insuficiente de forma atômica","duration":0.8287000000000262,"failureMessages":[],"meta":{}},{"ancestorTitles":["fluxos integrados da v0.0.10"],"fullName":"fluxos integrados da v0.0.10 FLUXO D · aceita o limite de 300 e rejeita quantidade acima dele","status":"passed","title":"FLUXO D · aceita o limite de 300 e rejeita quantidade acima dele","duration":0.786200000000008,"failureMessages":[],"meta":{}},{"ancestorTitles":["fluxos integrados da v0.0.10"],"fullName":"fluxos integrados da v0.0.10 FLUXO E · reserva estação compatível e produz sem despensa física","status":"passed","title":"FLUXO E · reserva estação compatível e produz sem despensa física","duration":3.163599999999974,"failureMessages":[],"meta":{}},{"ancestorTitles":["fluxos integrados da v0.0.10"],"fullName":"fluxos integrados da v0.0.10 FLUXO F · entrega, agrupa no balcão e torna o callback idempotente","status":"passed","title":"FLUXO F · entrega, agrupa no balcão e torna o callback idempotente","duration":5.169300000000021,"failureMessages":[],"meta":{}},{"ancestorTitles":["fluxos integrados da v0.0.10"],"fullName":"fluxos integrados da v0.0.10 FLUXO G · preserva prioridade e processamento offline sem duplicar produção ou débito","status":"passed","title":"FLUXO G · preserva prioridade e processamento offline sem duplicar produção ou débito","duration":6.635500000000093,"failureMessages":[],"meta":{}},{"ancestorTitles":["fluxos integrados da v0.0.10"],"fullName":"fluxos integrados da v0.0.10 FLUXO H · salva e recarrega lote parcial sem cobrança nova, grupos ou duplicação","status":"passed","title":"FLUXO H · salva e recarrega lote parcial sem cobrança nova, grupos ou duplicação","duration":13.227600000000052,"failureMessages":[],"meta":{}}],"startTime":1785101120617,"endTime":1785101120661.2275,"status":"passed","message":"","name":"C:/Users/paulo/OneDrive/Área de Trabalho/Projetos/CafeTycoon/src/tests/v006-integration.test.ts"},{"assertionResults":[{"ancestorTitles":["0.0.10 · equipe e progresso preservados"],"fullName":"0.0.10 · equipe e progresso preservados contrata a Barista inicial com saldo e estação compatível","status":"passed","title":"contrata a Barista inicial com saldo e estação compatível","duration":7.767399999999952,"failureMessages":[],"meta":{}},{"ancestorTitles":["0.0.10 · equipe e progresso preservados"],"fullName":"0.0.10 · equipe e progresso preservados rejeita contratação sem saldo sem criar funcionário","status":"passed","title":"rejeita contratação sem saldo sem criar funcionário","duration":0.9311999999999898,"failureMessages":[],"meta":{}},{"ancestorTitles":["0.0.10 · equipe e progresso preservados"],"fullName":"0.0.10 · equipe e progresso preservados mantém a primeira folha em carência e registra folha elegível uma vez","status":"passed","title":"mantém a primeira folha em carência e registra folha elegível uma vez","duration":1.167699999999968,"failureMessages":[],"meta":{}},{"ancestorTitles":["0.0.10 · produção sem despensa ou reservas de ingredientes"],"fullName":"0.0.10 · produção sem despensa ou reservas de ingredientes mantém exatamente 52 receitas e nenhuma exige ingrediente físico","status":"passed","title":"mantém exatamente 52 receitas e nenhuma exige ingrediente físico","duration":0.5953000000000657,"failureMessages":[],"meta":{}},{"ancestorTitles":["0.0.10 · produção sem despensa ou reservas de ingredientes"],"fullName":"0.0.10 · produção sem despensa ou reservas de ingredientes cria lote desbloqueado e debita o custo oficial apenas uma vez","status":"passed","title":"cria lote desbloqueado e debita o custo oficial apenas uma vez","duration":2.0634000000000015,"failureMessages":[],"meta":{}},{"ancestorTitles":["0.0.10 · produção sem despensa ou reservas de ingredientes"],"fullName":"0.0.10 · produção sem despensa ou reservas de ingredientes rejeita lote sem saldo sem débito parcial","status":"passed","title":"rejeita lote sem saldo sem débito parcial","duration":0.9196000000000595,"failureMessages":[],"meta":{}},{"ancestorTitles":["0.0.10 · produção sem despensa ou reservas de ingredientes"],"fullName":"0.0.10 · produção sem despensa ou reservas de ingredientes rejeita receita bloqueada e não cria tarefa","status":"passed","title":"rejeita receita bloqueada e não cria tarefa","duration":0.7591999999999643,"failureMessages":[],"meta":{}},{"ancestorTitles":["0.0.10 · produção sem despensa ou reservas de ingredientes"],"fullName":"0.0.10 · produção sem despensa ou reservas de ingredientes aceita 300 e rejeita quantidade inválida ou acima do máximo","status":"passed","title":"aceita 300 e rejeita quantidade inválida ou acima do máximo","duration":0.6334000000000515,"failureMessages":[],"meta":{}},{"ancestorTitles":["0.0.10 · produção sem despensa ou reservas de ingredientes"],"fullName":"0.0.10 · produção sem despensa ou reservas de ingredientes não inicia tarefa em estação incompatível","status":"passed","title":"não inicia tarefa em estação incompatível","duration":6.328099999999949,"failureMessages":[],"meta":{}},{"ancestorTitles":["0.0.10 · produção sem despensa ou reservas de ingredientes"],"fullName":"0.0.10 · produção sem despensa ou reservas de ingredientes reserva a estação concreta, não ingredientes, durante a preparação","status":"passed","title":"reserva a estação concreta, não ingredientes, durante a preparação","duration":3.563699999999926,"failureMessages":[],"meta":{}},{"ancestorTitles":["0.0.10 · produção sem despensa ou reservas de ingredientes"],"fullName":"0.0.10 · produção sem despensa ou reservas de ingredientes entrega o lote correto, agrupa no balcão e ignora callback duplicado","status":"passed","title":"entrega o lote correto, agrupa no balcão e ignora callback duplicado","duration":2.537900000000036,"failureMessages":[],"meta":{}},{"ancestorTitles":["0.0.10 · produção sem despensa ou reservas de ingredientes"],"fullName":"0.0.10 · produção sem despensa ou reservas de ingredientes mantém lote pronto na estação até existir balcão e transfere uma vez","status":"passed","title":"mantém lote pronto na estação até existir balcão e transfere uma vez","duration":3.461200000000076,"failureMessages":[],"meta":{}},{"ancestorTitles":["0.0.10 · produção sem despensa ou reservas de ingredientes"],"fullName":"0.0.10 · produção sem despensa ou reservas de ingredientes pausa e cancela lote antes de iniciar, devolvendo somente o custo do lote","status":"passed","title":"pausa e cancela lote antes de iniciar, devolvendo somente o custo do lote","duration":0.9628000000000156,"failureMessages":[],"meta":{}},{"ancestorTitles":["0.0.10 · produção sem despensa ou reservas de ingredientes"],"fullName":"0.0.10 · produção sem despensa ou reservas de ingredientes preserva lote parcial no save sem nova cobrança nem duplicação","status":"passed","title":"preserva lote parcial no save sem nova cobrança nem duplicação","duration":10.79989999999998,"failureMessages":[],"meta":{}},{"ancestorTitles":["0.0.10 · produção sem despensa ou reservas de ingredientes"],"fullName":"0.0.10 · produção sem despensa ou reservas de ingredientes normaliza espera legada por ingredientes para fila econômica atual","status":"passed","title":"normaliza espera legada por ingredientes para fila econômica atual","duration":0.8626000000000431,"failureMessages":[],"meta":{}},{"ancestorTitles":["0.0.10 · coordenação, clientes e migração"],"fullName":"0.0.10 · coordenação, clientes e migração prioriza pedido de cliente sobre lote preventivo","status":"passed","title":"prioriza pedido de cliente sobre lote preventivo","duration":1.144900000000007,"failureMessages":[],"meta":{}},{"ancestorTitles":["0.0.10 · coordenação, clientes e migração"],"fullName":"0.0.10 · coordenação, clientes e migração recupera reserva de tarefa vencida","status":"passed","title":"recupera reserva de tarefa vencida","duration":0.73599999999999,"failureMessages":[],"meta":{}},{"ancestorTitles":["0.0.10 · coordenação, clientes e migração"],"fullName":"0.0.10 · coordenação, clientes e migração mantém clientes individuais e campos de grupos fora do runtime","status":"passed","title":"mantém clientes individuais e campos de grupos fora do runtime","duration":7.911599999999908,"failureMessages":[],"meta":{}},{"ancestorTitles":["0.0.10 · coordenação, clientes e migração"],"fullName":"0.0.10 · coordenação, clientes e migração limita progresso offline a oito horas","status":"passed","title":"limita progresso offline a oito horas","duration":10.675700000000006,"failureMessages":[],"meta":{}},{"ancestorTitles":["0.0.10 · coordenação, clientes e migração"],"fullName":"0.0.10 · coordenação, clientes e migração migra save antigo sem perder moedas, equipe ou lote atual","status":"passed","title":"migra save antigo sem perder moedas, equipe ou lote atual","duration":4.0885999999999285,"failureMessages":[],"meta":{}}],"startTime":1785101120742,"endTime":1785101120812.0886,"status":"passed","message":"","name":"C:/Users/paulo/OneDrive/Área de Trabalho/Projetos/CafeTycoon/src/tests/v006-systems.test.ts"},{"assertionResults":[{"ancestorTitles":["0.0.8 econômica sem ingredientes"],"fullName":"0.0.8 econômica sem ingredientes novo jogo começa vazio, sem equipe e fechado","status":"passed","title":"novo jogo começa vazio, sem equipe e fechado","duration":5.304300000000012,"failureMessages":[],"meta":{}},{"ancestorTitles":["0.0.8 econômica sem ingredientes"],"fullName":"0.0.8 econômica sem ingredientes não concede kit ou pratos prontos","status":"passed","title":"não concede kit ou pratos prontos","duration":0.8716000000000577,"failureMessages":[],"meta":{}},{"ancestorTitles":["0.0.8 econômica sem ingredientes"],"fullName":"0.0.8 econômica sem ingredientes nenhuma receita depende de ingredientes","status":"passed","title":"nenhuma receita depende de ingredientes","duration":0.2078999999999951,"failureMessages":[],"meta":{}},{"ancestorTitles":["0.0.8 econômica sem ingredientes"],"fullName":"0.0.8 econômica sem ingredientes cobra um lote uma única vez na criação do plano","status":"passed","title":"cobra um lote uma única vez na criação do plano","duration":1.820600000000013,"failureMessages":[],"meta":{}},{"ancestorTitles":["0.0.8 econômica sem ingredientes"],"fullName":"0.0.8 econômica sem ingredientes informa exatamente quanto falta quando o saldo é insuficiente","status":"passed","title":"informa exatamente quanto falta quando o saldo é insuficiente","duration":0.5925999999999476,"failureMessages":[],"meta":{}},{"ancestorTitles":["0.0.8 econômica sem ingredientes"],"fullName":"0.0.8 econômica sem ingredientes fila legada cobra apenas ao começar e não após reload lógico","status":"passed","title":"fila legada cobra apenas ao começar e não após reload lógico","duration":0.809099999999944,"failureMessages":[],"meta":{}},{"ancestorTitles":["0.0.8 econômica sem ingredientes"],"fullName":"0.0.8 econômica sem ingredientes comprar não posiciona e posicionar sem comprar é recusado","status":"passed","title":"comprar não posiciona e posicionar sem comprar é recusado","duration":1.668100000000095,"failureMessages":[],"meta":{}},{"ancestorTitles":["0.0.8 econômica sem ingredientes"],"fullName":"0.0.8 econômica sem ingredientes móveis de armazenamento não participam do conjunto inicial obrigatório","status":"passed","title":"móveis de armazenamento não participam do conjunto inicial obrigatório","duration":0.1936999999999216,"failureMessages":[],"meta":{}},{"ancestorTitles":["0.0.8 econômica sem ingredientes"],"fullName":"0.0.8 econômica sem ingredientes primeiro candidato é a Barista iniciante","status":"passed","title":"primeiro candidato é a Barista iniciante","duration":0.6421999999998889,"failureMessages":[],"meta":{}},{"ancestorTitles":["0.0.8 econômica sem ingredientes"],"fullName":"0.0.8 econômica sem ingredientes tutorial possui 16 etapas, atendimento contratado e etapa econômica","status":"passed","title":"tutorial possui 16 etapas, atendimento contratado e etapa econômica","duration":0.6524000000000569,"failureMessages":[],"meta":{}},{"ancestorTitles":["0.0.8 econômica sem ingredientes"],"fullName":"0.0.8 econômica sem ingredientes tutorial é idempotente","status":"passed","title":"tutorial é idempotente","duration":0.8576000000000477,"failureMessages":[],"meta":{}},{"ancestorTitles":["0.0.8 econômica sem ingredientes"],"fullName":"0.0.8 econômica sem ingredientes tutorial desaparece quando não há uma nova etapa pendente","status":"passed","title":"tutorial desaparece quando não há uma nova etapa pendente","duration":0.5779999999999745,"failureMessages":[],"meta":{}},{"ancestorTitles":["0.0.8 econômica sem ingredientes"],"fullName":"0.0.8 econômica sem ingredientes Jornada contém apenas níveis com mudança real","status":"passed","title":"Jornada contém apenas níveis com mudança real","duration":1.0090000000000146,"failureMessages":[],"meta":{}},{"ancestorTitles":["0.0.8 econômica sem ingredientes"],"fullName":"0.0.8 econômica sem ingredientes dinheiro inicial cobre móveis, Barista e dois lotes de café","status":"passed","title":"dinheiro inicial cobre móveis, Barista e dois lotes de café","duration":0.5503999999999678,"failureMessages":[],"meta":{}},{"ancestorTitles":["0.0.8 econômica sem ingredientes"],"fullName":"0.0.8 econômica sem ingredientes capítulos liberam conforme o nível sem duplicar","status":"passed","title":"capítulos liberam conforme o nível sem duplicar","duration":0.4107000000000198,"failureMessages":[],"meta":{}},{"ancestorTitles":["0.0.8 econômica sem ingredientes"],"fullName":"0.0.8 econômica sem ingredientes novo capítulo aparece automaticamente ao chegar no nível e pode ser concluído","status":"passed","title":"novo capítulo aparece automaticamente ao chegar no nível e pode ser concluído","duration":0.4638999999999669,"failureMessages":[],"meta":{}},{"ancestorTitles":["0.0.8 econômica sem ingredientes"],"fullName":"0.0.8 econômica sem ingredientes exige mais experiência para desacelerar a progressão","status":"passed","title":"exige mais experiência para desacelerar a progressão","duration":0.19280000000003383,"failureMessages":[],"meta":{}}],"startTime":1785101121292,"endTime":1785101121309.4639,"status":"passed","message":"","name":"C:/Users/paulo/OneDrive/Área de Trabalho/Projetos/CafeTycoon/src/tests/v008-economic-tutorial.test.ts"},{"assertionResults":[{"ancestorTitles":["contrato visual central da 0.0.4"],"fullName":"contrato visual central da 0.0.4 mantém grade, zoom, frame e âncora de pés em uma fonte única","status":"passed","title":"mantém grade, zoom, frame e âncora de pés em uma fonte única","duration":3.1905000000001564,"failureMessages":[],"meta":{}},{"ancestorTitles":["contrato visual central da 0.0.4"],"fullName":"contrato visual central da 0.0.4 converte os quatro deltas de grade para a direção isométrica correta","status":"passed","title":"converte os quatro deltas de grade para a direção isométrica correta","duration":0.5116999999997915,"failureMessages":[],"meta":{}},{"ancestorTitles":["contrato visual central da 0.0.4"],"fullName":"contrato visual central da 0.0.4 declara todas as poses sem reutilizar caminhada como idle","status":"passed","title":"declara todas as poses sem reutilizar caminhada como idle","duration":1.3135999999999513,"failureMessages":[],"meta":{}},{"ancestorTitles":["contrato visual central da 0.0.4"],"fullName":"contrato visual central da 0.0.4 mantém work slots fora dos footprints dos equipamentos","status":"passed","title":"mantém work slots fora dos footprints dos equipamentos","duration":1.3765000000000782,"failureMessages":[],"meta":{}},{"ancestorTitles":["contrato visual central da 0.0.4"],"fullName":"contrato visual central da 0.0.4 usa três cadeiras estruturais e intercala assento entre suas camadas","status":"failed","title":"usa três cadeiras estruturais e intercala assento entre suas camadas","duration":9.192900000000009,"failureMessages":["AssertionError: expected Set{} to deeply equal Set{ 'chair-wood' }\n    at C:\\Users\\paulo\\OneDrive\\Área de Trabalho\\Projetos\\CafeTycoon\\src\\tests\\visual-contract-v004.test.ts:53:61\n    at file:///C:/Users/paulo/OneDrive/%C3%81rea%20de%20Trabalho/Projetos/CafeTycoon/node_modules/@vitest/runner/dist/chunk-hooks.js:155:11\n    at file:///C:/Users/paulo/OneDrive/%C3%81rea%20de%20Trabalho/Projetos/CafeTycoon/node_modules/@vitest/runner/dist/chunk-hooks.js:752:26\n    at file:///C:/Users/paulo/OneDrive/%C3%81rea%20de%20Trabalho/Projetos/CafeTycoon/node_modules/@vitest/runner/dist/chunk-hooks.js:1897:20\n    at new Promise (<anonymous>)\n    at runWithTimeout (file:///C:/Users/paulo/OneDrive/%C3%81rea%20de%20Trabalho/Projetos/CafeTycoon/node_modules/@vitest/runner/dist/chunk-hooks.js:1863:10)\n    at runTest (file:///C:/Users/paulo/OneDrive/%C3%81rea%20de%20Trabalho/Projetos/CafeTycoon/node_modules/@vitest/runner/dist/chunk-hooks.js:1574:12)\n    at processTicksAndRejections (node:internal/process/task_queues:104:5)\n    at runSuite (file:///C:/Users/paulo/OneDrive/%C3%81rea%20de%20Trabalho/Projetos/CafeTycoon/node_modules/@vitest/runner/dist/chunk-hooks.js:1729:8)\n    at runSuite (file:///C:/Users/paulo/OneDrive/%C3%81rea%20de%20Trabalho/Projetos/CafeTycoon/node_modules/@vitest/runner/dist/chunk-hooks.js:1729:8)"],"meta":{}},{"ancestorTitles":["contrato visual central da 0.0.4"],"fullName":"contrato visual central da 0.0.4 prepara skins trocáveis sem alterar footprint lógico","status":"passed","title":"prepara skins trocáveis sem alterar footprint lógico","duration":3.6269999999999527,"failureMessages":[],"meta":{}},{"ancestorTitles":["contrato visual central da 0.0.4"],"fullName":"contrato visual central da 0.0.4 mostra os sprites Blender definitivos no criador de personagem","status":"passed","title":"mostra os sprites Blender definitivos no criador de personagem","duration":0.638300000000072,"failureMessages":[],"meta":{}}],"startTime":1785101119489,"endTime":1785101119509.6382,"status":"failed","message":"","name":"C:/Users/paulo/OneDrive/Área de Trabalho/Projetos/CafeTycoon/src/tests/visual-contract-v004.test.ts"},{"assertionResults":[{"ancestorTitles":["paredes nas arestas externas"],"fullName":"paredes nas arestas externas mantém o tile de borda utilizável e bloqueia somente o exterior","status":"passed","title":"mantém o tile de borda utilizável e bloqueia somente o exterior","duration":4.278799999999933,"failureMessages":[],"meta":{}},{"ancestorTitles":["paredes nas arestas externas"],"fullName":"paredes nas arestas externas remove a antiga parede lógica quando uma expansão incorpora a célula","status":"passed","title":"remove a antiga parede lógica quando uma expansão incorpora a célula","duration":0.9915999999999485,"failureMessages":[],"meta":{}},{"ancestorTitles":["paredes nas arestas externas"],"fullName":"paredes nas arestas externas permite posicionar móveis na primeira linha junto às duas paredes","status":"passed","title":"permite posicionar móveis na primeira linha junto às duas paredes","duration":3.072900000000004,"failureMessages":[],"meta":{}}],"startTime":1785101121315,"endTime":1785101121323.073,"status":"passed","message":"","name":"C:/Users/paulo/OneDrive/Área de Trabalho/Projetos/CafeTycoon/src/tests/wall-boundary-v008.test.ts"}]}